[ 2017-05-26T10:01:46+08:00 ] ::1 /
INFO: [ app_init ] --START--
INFO: Run Behavior\BuildLiteBehavior [ RunTime:0.000076s ]
INFO: [ app_init ] --END-- [ RunTime:0.047512s ]
INFO: [ app_begin ] --START--
INFO: Run Behavior\ReadHtmlCacheBehavior [ RunTime:0.015212s ]
INFO: [ app_begin ] --END-- [ RunTime:0.015573s ]
INFO: [ view_parse ] --START--
INFO: [ template_filter ] --START--
NOTIC: [8] Use of undefined constant NAME - assumed 'NAME' D:\w3c\TP\ThinkPHP\Library\Behavior\ContentReplaceBehavior.class.php 第 31 行.
INFO: Run Behavior\ContentReplaceBehavior [ RunTime:0.001188s ]
INFO: [ template_filter ] --END-- [ RunTime:0.001696s ]
INFO: Run Behavior\ParseTemplateBehavior [ RunTime:0.083189s ]
INFO: [ view_parse ] --END-- [ RunTime:0.083577s ]
INFO: [ view_filter ] --START--
INFO: Run Behavior\WriteHtmlCacheBehavior [ RunTime:0.013248s ]
INFO: [ view_filter ] --END-- [ RunTime:0.013587s ]
INFO: [ app_end ] --START--
INFO: Run Behavior\ShowPageTraceBehavior [ RunTime:0.023075s ]
INFO: [ app_end ] --END-- [ RunTime:0.023520s ]

[ 2017-05-26T19:11:25+08:00 ] 127.0.0.1 /index.php/home/test/week
ERR: XML标签语法错误 : condition="$date

[ 2017-05-26T19:30:05+08:00 ] 127.0.0.1 /index.php/home/test/brand
ERR: 无法加载数据库驱动: Think\Db\Driver\

[ 2017-05-26T19:32:05+08:00 ] 127.0.0.1 /index.php/home/test/brand
ERR: SQLSTATE[HY000] [1045] Accès refusé pour l'utilisateur: 'root'@'@localhost' (mot de passe: OUI)

[ 2017-05-26T19:32:39+08:00 ] 127.0.0.1 /index.php/home/test/brand
ERR: SQLSTATE[HY000] [1045] Accès refusé pour l'utilisateur: 'root'@'@localhost' (mot de passe: OUI)

[ 2017-05-26T19:32:40+08:00 ] 127.0.0.1 /index.php/home/test/brand
ERR: SQLSTATE[HY000] [1045] Accès refusé pour l'utilisateur: 'root'@'@localhost' (mot de passe: OUI)

[ 2017-05-26T19:36:25+08:00 ] 127.0.0.1 /index.php/home/test/brand
ERR: Think\Model:getList方法不存在！

