[ 2017-06-11T08:37:57+08:00 ] 127.0.0.1 /index.php/Home/login/login.html
INFO: [ app_begin ] --START--
INFO: Run Behavior\ReadHtmlCacheBehavior [ RunTime:0.001241s ]
INFO: [ app_begin ] --END-- [ RunTime:0.002241s ]
SQL: SHOW COLUMNS FROM `tp_user` [ RunTime:0.0133s ]
SQL: SELECT * FROM `tp_user` WHERE `user_name` = 'jack' AND `user_pwd` = '4ff9fc6e4e5d5f590c4f2134a8cc96d1' LIMIT 1   [ RunTime:0.0008s ]

[ 2017-06-11T08:38:01+08:00 ] 127.0.0.1 /index.php/Home/login/login.html
INFO: [ app_begin ] --START--
INFO: Run Behavior\ReadHtmlCacheBehavior [ RunTime:0.001130s ]
INFO: [ app_begin ] --END-- [ RunTime:0.002114s ]
SQL: SHOW COLUMNS FROM `tp_user` [ RunTime:0.0137s ]
SQL: SELECT * FROM `tp_user` WHERE `user_name` = 'jack' AND `user_pwd` = '202cb962ac59075b964b07152d234b70' LIMIT 1   [ RunTime:0.0008s ]

[ 2017-06-11T15:59:58+08:00 ] 127.0.0.1 /index.php/Home/login/login.html
INFO: [ app_begin ] --START--
INFO: Run Behavior\ReadHtmlCacheBehavior [ RunTime:0.001681s ]
INFO: [ app_begin ] --END-- [ RunTime:0.002965s ]
SQL: SHOW COLUMNS FROM `tp_user` [ RunTime:0.0725s ]
SQL: SELECT * FROM `tp_user` WHERE `user_name` = 'jack' AND `user_pwd` = '202cb962ac59075b964b07152d234b70' LIMIT 1   [ RunTime:0.0107s ]

[ 2017-06-11T20:28:03+08:00 ] 127.0.0.1 /index.php/Home/api/getapi
ERR: 无法加载控制器:Api

[ 2017-06-11T20:56:27+08:00 ] 127.0.0.1 /index.php/Home/api/getjson
ERR: 非法操作:getjson

