[ 2017-06-09T12:03:24+08:00 ] 127.0.0.1 /index.php/Home/cart/css/style.css
ERR: 非法操作:css

[ 2017-06-09T12:04:10+08:00 ] 127.0.0.1 /index.php/Home/cart/css/style.css
ERR: 非法操作:css

[ 2017-06-09T12:04:12+08:00 ] 127.0.0.1 /index.php/Home/cart/css/style.css
ERR: 非法操作:css

[ 2017-06-09T12:04:15+08:00 ] 127.0.0.1 /index.php/Home/cart/css/style.css
ERR: 非法操作:css

[ 2017-06-09T12:07:46+08:00 ] 127.0.0.1 /index.php/Home/cart/css/style.css
ERR: 非法操作:css

[ 2017-06-09T12:07:56+08:00 ] 127.0.0.1 /index.php/Home/Cart/showlsit.html
ERR: 非法操作:showlsit

[ 2017-06-09T12:09:11+08:00 ] 127.0.0.1 /index.php/Home/Cart/showlsit.html
ERR: 非法操作:showlsit

[ 2017-06-09T14:35:33+08:00 ] 127.0.0.1 /index.php/Home/Cart/css/style.css
ERR: 非法操作:css

[ 2017-06-09T14:43:33+08:00 ] 127.0.0.1 /index.php/Home/Cart/css/style.css
ERR: 非法操作:css

[ 2017-06-09T14:44:57+08:00 ] 127.0.0.1 /index.php/Home/Cart/css/style.css
ERR: 非法操作:css

[ 2017-06-09T14:44:59+08:00 ] 127.0.0.1 /index.php/Home/Cart/css/style.css
ERR: 非法操作:css

[ 2017-06-09T14:46:34+08:00 ] 127.0.0.1 /index.php/Home/Cart/css/style.css
ERR: 非法操作:css

[ 2017-06-09T14:48:47+08:00 ] 127.0.0.1 /index.php/Home/Cart/css/style.css
ERR: 非法操作:css

[ 2017-06-09T14:50:27+08:00 ] 127.0.0.1 /index.php/Home/Cart/css/style.css
ERR: 非法操作:css

[ 2017-06-09T14:51:03+08:00 ] 127.0.0.1 /index.php/Home/Cart/css/style.css
ERR: 非法操作:css

[ 2017-06-09T14:52:08+08:00 ] 127.0.0.1 /index.php/Home/Cart/css/style.css
ERR: 非法操作:css

[ 2017-06-09T14:52:20+08:00 ] 127.0.0.1 /index.php/Home/Cart/css/style.css
ERR: 非法操作:css

[ 2017-06-09T14:52:33+08:00 ] 127.0.0.1 /index.php/Home/Cart/css/style.css
ERR: 非法操作:css

[ 2017-06-09T14:53:23+08:00 ] 127.0.0.1 /index.php/Home/Cart/css/style.css
ERR: 非法操作:css

[ 2017-06-09T14:55:05+08:00 ] 127.0.0.1 /index.php/Home/Cart/css/style.css
ERR: 非法操作:css

[ 2017-06-09T14:55:29+08:00 ] 127.0.0.1 /index.php/Home/Cart/css/style.css
ERR: 非法操作:css

[ 2017-06-09T14:55:54+08:00 ] 127.0.0.1 /index.php/Home/Cart/css/style.css
ERR: 非法操作:css

[ 2017-06-09T14:56:18+08:00 ] 127.0.0.1 /index.php/Home/Cart/css/style.css
ERR: 非法操作:css

[ 2017-06-09T14:56:42+08:00 ] 127.0.0.1 /index.php/Home/Cart/css/style.css
ERR: 非法操作:css

[ 2017-06-09T14:57:03+08:00 ] 127.0.0.1 /index.php/Home/Cart/css/style.css
ERR: 非法操作:css

[ 2017-06-09T14:58:21+08:00 ] 127.0.0.1 /index.php/Home/Cart/css/style.css
ERR: 非法操作:css

[ 2017-06-09T14:59:21+08:00 ] 127.0.0.1 /index.php/Home/Cart/css/style.css
ERR: 非法操作:css

[ 2017-06-09T14:59:24+08:00 ] 127.0.0.1 /index.php/Home/Cart/del/goods_id/38.html
ERR: 非法操作:del

[ 2017-06-09T14:59:26+08:00 ] 127.0.0.1 /index.php/Home/Cart/css/style.css
ERR: 非法操作:css

[ 2017-06-09T15:09:42+08:00 ] 127.0.0.1 /index.php/Home/Cart/del
INFO: [ app_begin ] --START--
INFO: Run Behavior\ReadHtmlCacheBehavior [ RunTime:0.001764s ]
INFO: [ app_begin ] --END-- [ RunTime:0.003087s ]

[ 2017-06-09T15:09:44+08:00 ] 127.0.0.1 /index.php/Home/Cart/del
INFO: [ app_begin ] --START--
INFO: Run Behavior\ReadHtmlCacheBehavior [ RunTime:0.001209s ]
INFO: [ app_begin ] --END-- [ RunTime:0.002340s ]

[ 2017-06-09T15:09:45+08:00 ] 127.0.0.1 /index.php/Home/Cart/del
INFO: [ app_begin ] --START--
INFO: Run Behavior\ReadHtmlCacheBehavior [ RunTime:0.001208s ]
INFO: [ app_begin ] --END-- [ RunTime:0.002356s ]

[ 2017-06-09T15:13:18+08:00 ] 127.0.0.1 /index.php/Home/Cart/del
INFO: [ app_begin ] --START--
INFO: Run Behavior\ReadHtmlCacheBehavior [ RunTime:0.001843s ]
INFO: [ app_begin ] --END-- [ RunTime:0.003205s ]

[ 2017-06-09T15:13:19+08:00 ] 127.0.0.1 /index.php/Home/Cart/del
INFO: [ app_begin ] --START--
INFO: Run Behavior\ReadHtmlCacheBehavior [ RunTime:0.001341s ]
INFO: [ app_begin ] --END-- [ RunTime:0.002554s ]

[ 2017-06-09T15:13:19+08:00 ] 127.0.0.1 /index.php/Home/Cart/del
INFO: [ app_begin ] --START--
INFO: Run Behavior\ReadHtmlCacheBehavior [ RunTime:0.001329s ]
INFO: [ app_begin ] --END-- [ RunTime:0.002511s ]

[ 2017-06-09T15:13:19+08:00 ] 127.0.0.1 /index.php/Home/Cart/del
INFO: [ app_begin ] --START--
INFO: Run Behavior\ReadHtmlCacheBehavior [ RunTime:0.001314s ]
INFO: [ app_begin ] --END-- [ RunTime:0.002497s ]

[ 2017-06-09T15:13:20+08:00 ] 127.0.0.1 /index.php/Home/Cart/del
INFO: [ app_begin ] --START--
INFO: Run Behavior\ReadHtmlCacheBehavior [ RunTime:0.001192s ]
INFO: [ app_begin ] --END-- [ RunTime:0.002257s ]

[ 2017-06-09T15:13:21+08:00 ] 127.0.0.1 /index.php/Home/Cart/del
INFO: [ app_begin ] --START--
INFO: Run Behavior\ReadHtmlCacheBehavior [ RunTime:0.001169s ]
INFO: [ app_begin ] --END-- [ RunTime:0.002211s ]

[ 2017-06-09T15:13:35+08:00 ] 127.0.0.1 /index.php/Home/Cart/del
INFO: [ app_begin ] --START--
INFO: Run Behavior\ReadHtmlCacheBehavior [ RunTime:0.001563s ]
INFO: [ app_begin ] --END-- [ RunTime:0.002749s ]

[ 2017-06-09T15:13:36+08:00 ] 127.0.0.1 /index.php/Home/Cart/del
INFO: [ app_begin ] --START--
INFO: Run Behavior\ReadHtmlCacheBehavior [ RunTime:0.001199s ]
INFO: [ app_begin ] --END-- [ RunTime:0.002278s ]

[ 2017-06-09T15:13:37+08:00 ] 127.0.0.1 /index.php/Home/Cart/del
INFO: [ app_begin ] --START--
INFO: Run Behavior\ReadHtmlCacheBehavior [ RunTime:0.001381s ]
INFO: [ app_begin ] --END-- [ RunTime:0.002736s ]

[ 2017-06-09T15:13:37+08:00 ] 127.0.0.1 /index.php/Home/Cart/del
INFO: [ app_begin ] --START--
INFO: Run Behavior\ReadHtmlCacheBehavior [ RunTime:0.001190s ]
INFO: [ app_begin ] --END-- [ RunTime:0.002249s ]

[ 2017-06-09T15:13:38+08:00 ] 127.0.0.1 /index.php/Home/Cart/del
INFO: [ app_begin ] --START--
INFO: Run Behavior\ReadHtmlCacheBehavior [ RunTime:0.001256s ]
INFO: [ app_begin ] --END-- [ RunTime:0.002362s ]

[ 2017-06-09T15:13:38+08:00 ] 127.0.0.1 /index.php/Home/Cart/del
INFO: [ app_begin ] --START--
INFO: Run Behavior\ReadHtmlCacheBehavior [ RunTime:0.001228s ]
INFO: [ app_begin ] --END-- [ RunTime:0.002273s ]

[ 2017-06-09T15:17:16+08:00 ] 127.0.0.1 /index.php/Home/Cart/del
INFO: [ app_begin ] --START--
INFO: Run Behavior\ReadHtmlCacheBehavior [ RunTime:0.001560s ]
INFO: [ app_begin ] --END-- [ RunTime:0.002712s ]

[ 2017-06-09T15:18:16+08:00 ] 127.0.0.1 /index.php/Home/Cart/del
INFO: [ app_begin ] --START--
INFO: Run Behavior\ReadHtmlCacheBehavior [ RunTime:0.001551s ]
INFO: [ app_begin ] --END-- [ RunTime:0.002721s ]

[ 2017-06-09T15:20:46+08:00 ] 127.0.0.1 /index.php/Home/Cart/del
INFO: [ app_begin ] --START--
INFO: Run Behavior\ReadHtmlCacheBehavior [ RunTime:0.001723s ]
INFO: [ app_begin ] --END-- [ RunTime:0.002912s ]

[ 2017-06-09T15:20:49+08:00 ] 127.0.0.1 /index.php/Home/Cart/del
INFO: [ app_begin ] --START--
INFO: Run Behavior\ReadHtmlCacheBehavior [ RunTime:0.001329s ]
INFO: [ app_begin ] --END-- [ RunTime:0.002515s ]

[ 2017-06-09T15:20:49+08:00 ] 127.0.0.1 /index.php/Home/Cart/del
INFO: [ app_begin ] --START--
INFO: Run Behavior\ReadHtmlCacheBehavior [ RunTime:0.001371s ]
INFO: [ app_begin ] --END-- [ RunTime:0.002573s ]

[ 2017-06-09T15:21:06+08:00 ] 127.0.0.1 /index.php/Home/Cart/del
INFO: [ app_begin ] --START--
INFO: Run Behavior\ReadHtmlCacheBehavior [ RunTime:0.001198s ]
INFO: [ app_begin ] --END-- [ RunTime:0.002270s ]

[ 2017-06-09T15:21:07+08:00 ] 127.0.0.1 /index.php/Home/Cart/del
INFO: [ app_begin ] --START--
INFO: Run Behavior\ReadHtmlCacheBehavior [ RunTime:0.001270s ]
INFO: [ app_begin ] --END-- [ RunTime:0.002334s ]

[ 2017-06-09T15:21:08+08:00 ] 127.0.0.1 /index.php/Home/Cart/del
INFO: [ app_begin ] --START--
INFO: Run Behavior\ReadHtmlCacheBehavior [ RunTime:0.001340s ]
INFO: [ app_begin ] --END-- [ RunTime:0.002534s ]

[ 2017-06-09T15:45:13+08:00 ] 127.0.0.1 /index.php/Home/Cart/del
INFO: [ app_begin ] --START--
INFO: Run Behavior\ReadHtmlCacheBehavior [ RunTime:0.001623s ]
INFO: [ app_begin ] --END-- [ RunTime:0.002947s ]

[ 2017-06-09T15:45:17+08:00 ] 127.0.0.1 /index.php/Home/Cart/del
INFO: [ app_begin ] --START--
INFO: Run Behavior\ReadHtmlCacheBehavior [ RunTime:0.001326s ]
INFO: [ app_begin ] --END-- [ RunTime:0.002392s ]

[ 2017-06-09T16:05:13+08:00 ] 127.0.0.1 /index.php/Home/Cart/edit
INFO: [ app_begin ] --START--
INFO: Run Behavior\ReadHtmlCacheBehavior [ RunTime:0.001853s ]
INFO: [ app_begin ] --END-- [ RunTime:0.003362s ]
ERR: 非法操作:edit

[ 2017-06-09T16:07:41+08:00 ] 127.0.0.1 /index.php/Home/Cart/edit
INFO: [ app_begin ] --START--
INFO: Run Behavior\ReadHtmlCacheBehavior [ RunTime:0.002571s ]
INFO: [ app_begin ] --END-- [ RunTime:0.004485s ]
ERR: 非法操作:edit

[ 2017-06-09T16:07:44+08:00 ] 127.0.0.1 /index.php/Home/Cart/edit
INFO: [ app_begin ] --START--
INFO: Run Behavior\ReadHtmlCacheBehavior [ RunTime:0.001828s ]
INFO: [ app_begin ] --END-- [ RunTime:0.004159s ]
ERR: 非法操作:edit

[ 2017-06-09T16:09:43+08:00 ] 127.0.0.1 /index.php/Home/Cart/edit
INFO: [ app_begin ] --START--
INFO: Run Behavior\ReadHtmlCacheBehavior [ RunTime:0.003302s ]
INFO: [ app_begin ] --END-- [ RunTime:0.004769s ]
ERR: 非法操作:edit

[ 2017-06-09T16:19:47+08:00 ] 127.0.0.1 /index.php/home/goods/detail.html
ERR: SQLSTATE[42000]: Syntax error or access violation: 1064 Erreur de syntaxe près de ')' à la ligne 1

[ 2017-06-09T16:20:54+08:00 ] 127.0.0.1 /index.php/home/goods/detail.html
ERR: SQLSTATE[42000]: Syntax error or access violation: 1064 Erreur de syntaxe près de ')' à la ligne 1

[ 2017-06-09T16:21:26+08:00 ] 127.0.0.1 /index.php/home/goods/detail.html
ERR: SQLSTATE[42000]: Syntax error or access violation: 1064 Erreur de syntaxe près de ')' à la ligne 1

[ 2017-06-09T16:39:39+08:00 ] 127.0.0.1 /index.php/Home/Cart/edit
INFO: [ app_begin ] --START--
INFO: Run Behavior\ReadHtmlCacheBehavior [ RunTime:0.003111s ]
INFO: [ app_begin ] --END-- [ RunTime:0.005748s ]
ERR: 非法操作:edit

[ 2017-06-09T16:42:50+08:00 ] 127.0.0.1 /index.php/Home/Cart/edit
INFO: [ app_begin ] --START--
INFO: Run Behavior\ReadHtmlCacheBehavior [ RunTime:0.002116s ]
INFO: [ app_begin ] --END-- [ RunTime:0.003934s ]
ERR: 非法操作:edit

[ 2017-06-09T16:42:52+08:00 ] 127.0.0.1 /index.php/Home/Cart/edit
INFO: [ app_begin ] --START--
INFO: Run Behavior\ReadHtmlCacheBehavior [ RunTime:0.002260s ]
INFO: [ app_begin ] --END-- [ RunTime:0.003818s ]
ERR: 非法操作:edit

[ 2017-06-09T16:42:54+08:00 ] 127.0.0.1 /index.php/Home/Cart/edit
INFO: [ app_begin ] --START--
INFO: Run Behavior\ReadHtmlCacheBehavior [ RunTime:0.002473s ]
INFO: [ app_begin ] --END-- [ RunTime:0.003703s ]
ERR: 非法操作:edit

[ 2017-06-09T16:44:33+08:00 ] 127.0.0.1 /index.php/Home/Cart/edit
INFO: [ app_begin ] --START--
INFO: Run Behavior\ReadHtmlCacheBehavior [ RunTime:0.005458s ]
INFO: [ app_begin ] --END-- [ RunTime:0.006917s ]
INFO: [ app_end ] --START--
INFO: Run Behavior\ShowPageTraceBehavior [ RunTime:0.002905s ]
INFO: [ app_end ] --END-- [ RunTime:0.003278s ]

[ 2017-06-09T16:54:14+08:00 ] 127.0.0.1 /index.php/Home/Cart/edit
INFO: [ app_begin ] --START--
INFO: Run Behavior\ReadHtmlCacheBehavior [ RunTime:0.002345s ]
INFO: [ app_begin ] --END-- [ RunTime:0.003976s ]
INFO: [ app_end ] --START--
INFO: Run Behavior\ShowPageTraceBehavior [ RunTime:0.002899s ]
INFO: [ app_end ] --END-- [ RunTime:0.003251s ]

[ 2017-06-09T16:57:56+08:00 ] 127.0.0.1 /index.php/Home/Cart/edit
INFO: [ app_begin ] --START--
INFO: Run Behavior\ReadHtmlCacheBehavior [ RunTime:0.001974s ]
INFO: [ app_begin ] --END-- [ RunTime:0.003268s ]
INFO: [ app_end ] --START--
INFO: Run Behavior\ShowPageTraceBehavior [ RunTime:0.001763s ]
INFO: [ app_end ] --END-- [ RunTime:0.002386s ]

[ 2017-06-09T16:57:57+08:00 ] 127.0.0.1 /index.php/Home/Cart/edit
INFO: [ app_begin ] --START--
INFO: Run Behavior\ReadHtmlCacheBehavior [ RunTime:0.001790s ]
INFO: [ app_begin ] --END-- [ RunTime:0.002983s ]
INFO: [ app_end ] --START--
INFO: Run Behavior\ShowPageTraceBehavior [ RunTime:0.001322s ]
INFO: [ app_end ] --END-- [ RunTime:0.001659s ]

[ 2017-06-09T16:57:57+08:00 ] 127.0.0.1 /index.php/Home/Cart/edit
INFO: [ app_begin ] --START--
INFO: Run Behavior\ReadHtmlCacheBehavior [ RunTime:0.001632s ]
INFO: [ app_begin ] --END-- [ RunTime:0.002715s ]
INFO: [ app_end ] --START--
INFO: Run Behavior\ShowPageTraceBehavior [ RunTime:0.001195s ]
INFO: [ app_end ] --END-- [ RunTime:0.001501s ]

[ 2017-06-09T16:57:58+08:00 ] 127.0.0.1 /index.php/Home/Cart/edit
INFO: [ app_begin ] --START--
INFO: Run Behavior\ReadHtmlCacheBehavior [ RunTime:0.001756s ]
INFO: [ app_begin ] --END-- [ RunTime:0.002928s ]
INFO: [ app_end ] --START--
INFO: Run Behavior\ShowPageTraceBehavior [ RunTime:0.001335s ]
INFO: [ app_end ] --END-- [ RunTime:0.001670s ]

[ 2017-06-09T16:57:58+08:00 ] 127.0.0.1 /index.php/Home/Cart/edit
INFO: [ app_begin ] --START--
INFO: Run Behavior\ReadHtmlCacheBehavior [ RunTime:0.001779s ]
INFO: [ app_begin ] --END-- [ RunTime:0.002966s ]
INFO: [ app_end ] --START--
INFO: Run Behavior\ShowPageTraceBehavior [ RunTime:0.001332s ]
INFO: [ app_end ] --END-- [ RunTime:0.001666s ]

[ 2017-06-09T16:57:59+08:00 ] 127.0.0.1 /index.php/Home/Cart/edit
INFO: [ app_begin ] --START--
INFO: Run Behavior\ReadHtmlCacheBehavior [ RunTime:0.001839s ]
INFO: [ app_begin ] --END-- [ RunTime:0.003032s ]
INFO: [ app_end ] --START--
INFO: Run Behavior\ShowPageTraceBehavior [ RunTime:0.001200s ]
INFO: [ app_end ] --END-- [ RunTime:0.001510s ]

[ 2017-06-09T16:58:01+08:00 ] 127.0.0.1 /index.php/Home/Cart/edit
INFO: [ app_begin ] --START--
INFO: Run Behavior\ReadHtmlCacheBehavior [ RunTime:0.002131s ]
INFO: [ app_begin ] --END-- [ RunTime:0.003292s ]
INFO: [ app_end ] --START--
INFO: Run Behavior\ShowPageTraceBehavior [ RunTime:0.001335s ]
INFO: [ app_end ] --END-- [ RunTime:0.001669s ]

[ 2017-06-09T16:58:02+08:00 ] 127.0.0.1 /index.php/Home/Cart/edit
INFO: [ app_begin ] --START--
INFO: Run Behavior\ReadHtmlCacheBehavior [ RunTime:0.001587s ]
INFO: [ app_begin ] --END-- [ RunTime:0.002641s ]
INFO: [ app_end ] --START--
INFO: Run Behavior\ShowPageTraceBehavior [ RunTime:0.001182s ]
INFO: [ app_end ] --END-- [ RunTime:0.001481s ]

[ 2017-06-09T17:04:35+08:00 ] 127.0.0.1 /index.php/Home/Cart/edit
INFO: [ app_begin ] --START--
INFO: Run Behavior\ReadHtmlCacheBehavior [ RunTime:0.001982s ]
INFO: [ app_begin ] --END-- [ RunTime:0.003335s ]
INFO: [ app_end ] --START--
INFO: Run Behavior\ShowPageTraceBehavior [ RunTime:0.001860s ]
INFO: [ app_end ] --END-- [ RunTime:0.002315s ]

[ 2017-06-09T17:04:39+08:00 ] 127.0.0.1 /index.php/Home/Cart/edit
INFO: [ app_begin ] --START--
INFO: Run Behavior\ReadHtmlCacheBehavior [ RunTime:0.001987s ]
INFO: [ app_begin ] --END-- [ RunTime:0.003461s ]
INFO: [ app_end ] --START--
INFO: Run Behavior\ShowPageTraceBehavior [ RunTime:0.001323s ]
INFO: [ app_end ] --END-- [ RunTime:0.001660s ]

[ 2017-06-09T17:05:00+08:00 ] 127.0.0.1 /index.php/Home/Cart/edit
INFO: [ app_begin ] --START--
INFO: Run Behavior\ReadHtmlCacheBehavior [ RunTime:0.002101s ]
INFO: [ app_begin ] --END-- [ RunTime:0.003541s ]
INFO: [ app_end ] --START--
INFO: Run Behavior\ShowPageTraceBehavior [ RunTime:0.001992s ]
INFO: [ app_end ] --END-- [ RunTime:0.002299s ]

[ 2017-06-09T17:06:16+08:00 ] 127.0.0.1 /index.php/Home/Cart/edit
INFO: [ app_begin ] --START--
INFO: Run Behavior\ReadHtmlCacheBehavior [ RunTime:0.002614s ]
INFO: [ app_begin ] --END-- [ RunTime:0.003903s ]
INFO: [ app_end ] --START--
INFO: Run Behavior\ShowPageTraceBehavior [ RunTime:0.001689s ]
INFO: [ app_end ] --END-- [ RunTime:0.002037s ]

[ 2017-06-09T17:06:18+08:00 ] 127.0.0.1 /index.php/Home/Cart/edit
INFO: [ app_begin ] --START--
INFO: Run Behavior\ReadHtmlCacheBehavior [ RunTime:0.004694s ]
INFO: [ app_begin ] --END-- [ RunTime:0.005929s ]
INFO: [ app_end ] --START--
INFO: Run Behavior\ShowPageTraceBehavior [ RunTime:0.002088s ]
INFO: [ app_end ] --END-- [ RunTime:0.002447s ]

[ 2017-06-09T17:06:19+08:00 ] 127.0.0.1 /index.php/Home/Cart/edit
INFO: [ app_begin ] --START--
INFO: Run Behavior\ReadHtmlCacheBehavior [ RunTime:0.001846s ]
INFO: [ app_begin ] --END-- [ RunTime:0.003070s ]
INFO: [ app_end ] --START--
INFO: Run Behavior\ShowPageTraceBehavior [ RunTime:0.001354s ]
INFO: [ app_end ] --END-- [ RunTime:0.001695s ]

[ 2017-06-09T17:06:20+08:00 ] 127.0.0.1 /index.php/Home/Cart/edit
INFO: [ app_begin ] --START--
INFO: Run Behavior\ReadHtmlCacheBehavior [ RunTime:0.001809s ]
INFO: [ app_begin ] --END-- [ RunTime:0.003027s ]
INFO: [ app_end ] --START--
INFO: Run Behavior\ShowPageTraceBehavior [ RunTime:0.001423s ]
INFO: [ app_end ] --END-- [ RunTime:0.001775s ]

[ 2017-06-09T17:06:21+08:00 ] 127.0.0.1 /index.php/Home/Cart/edit
INFO: [ app_begin ] --START--
INFO: Run Behavior\ReadHtmlCacheBehavior [ RunTime:0.004629s ]
INFO: [ app_begin ] --END-- [ RunTime:0.005835s ]
INFO: [ app_end ] --START--
INFO: Run Behavior\ShowPageTraceBehavior [ RunTime:0.001497s ]
INFO: [ app_end ] --END-- [ RunTime:0.001858s ]

[ 2017-06-09T17:06:22+08:00 ] 127.0.0.1 /index.php/Home/Cart/edit
INFO: [ app_begin ] --START--
INFO: Run Behavior\ReadHtmlCacheBehavior [ RunTime:0.001902s ]
INFO: [ app_begin ] --END-- [ RunTime:0.003158s ]
INFO: [ app_end ] --START--
INFO: Run Behavior\ShowPageTraceBehavior [ RunTime:0.001420s ]
INFO: [ app_end ] --END-- [ RunTime:0.001765s ]

[ 2017-06-09T17:06:23+08:00 ] 127.0.0.1 /index.php/Home/Cart/edit
INFO: [ app_begin ] --START--
INFO: Run Behavior\ReadHtmlCacheBehavior [ RunTime:0.001862s ]
INFO: [ app_begin ] --END-- [ RunTime:0.003233s ]
INFO: [ app_end ] --START--
INFO: Run Behavior\ShowPageTraceBehavior [ RunTime:0.001499s ]
INFO: [ app_end ] --END-- [ RunTime:0.001847s ]

[ 2017-06-09T17:08:33+08:00 ] 127.0.0.1 /index.php/Home/Cart/edit
INFO: [ app_begin ] --START--
INFO: Run Behavior\ReadHtmlCacheBehavior [ RunTime:0.001779s ]
INFO: [ app_begin ] --END-- [ RunTime:0.002966s ]
INFO: [ app_end ] --START--
INFO: Run Behavior\ShowPageTraceBehavior [ RunTime:0.001173s ]
INFO: [ app_end ] --END-- [ RunTime:0.001469s ]

[ 2017-06-09T17:08:34+08:00 ] 127.0.0.1 /index.php/Home/Cart/edit
INFO: [ app_begin ] --START--
INFO: Run Behavior\ReadHtmlCacheBehavior [ RunTime:0.001583s ]
INFO: [ app_begin ] --END-- [ RunTime:0.002635s ]
INFO: [ app_end ] --START--
INFO: Run Behavior\ShowPageTraceBehavior [ RunTime:0.001183s ]
INFO: [ app_end ] --END-- [ RunTime:0.001481s ]

[ 2017-06-09T17:08:35+08:00 ] 127.0.0.1 /index.php/Home/Cart/edit
INFO: [ app_begin ] --START--
INFO: Run Behavior\ReadHtmlCacheBehavior [ RunTime:0.001787s ]
INFO: [ app_begin ] --END-- [ RunTime:0.002957s ]
INFO: [ app_end ] --START--
INFO: Run Behavior\ShowPageTraceBehavior [ RunTime:0.001500s ]
INFO: [ app_end ] --END-- [ RunTime:0.001894s ]

[ 2017-06-09T17:08:35+08:00 ] 127.0.0.1 /index.php/Home/Cart/edit
INFO: [ app_begin ] --START--
INFO: Run Behavior\ReadHtmlCacheBehavior [ RunTime:0.001852s ]
INFO: [ app_begin ] --END-- [ RunTime:0.003176s ]
INFO: [ app_end ] --START--
INFO: Run Behavior\ShowPageTraceBehavior [ RunTime:0.001340s ]
INFO: [ app_end ] --END-- [ RunTime:0.001677s ]

[ 2017-06-09T17:08:36+08:00 ] 127.0.0.1 /index.php/Home/Cart/edit
INFO: [ app_begin ] --START--
INFO: Run Behavior\ReadHtmlCacheBehavior [ RunTime:0.001593s ]
INFO: [ app_begin ] --END-- [ RunTime:0.002682s ]
INFO: [ app_end ] --START--
INFO: Run Behavior\ShowPageTraceBehavior [ RunTime:0.001184s ]
INFO: [ app_end ] --END-- [ RunTime:0.001483s ]

[ 2017-06-09T17:08:36+08:00 ] 127.0.0.1 /index.php/Home/Cart/edit
INFO: [ app_begin ] --START--
INFO: Run Behavior\ReadHtmlCacheBehavior [ RunTime:0.001717s ]
INFO: [ app_begin ] --END-- [ RunTime:0.003100s ]
INFO: [ app_end ] --START--
INFO: Run Behavior\ShowPageTraceBehavior [ RunTime:0.001191s ]
INFO: [ app_end ] --END-- [ RunTime:0.001489s ]

[ 2017-06-09T17:08:37+08:00 ] 127.0.0.1 /index.php/Home/Cart/edit
INFO: [ app_begin ] --START--
INFO: Run Behavior\ReadHtmlCacheBehavior [ RunTime:0.001815s ]
INFO: [ app_begin ] --END-- [ RunTime:0.003098s ]
INFO: [ app_end ] --START--
INFO: Run Behavior\ShowPageTraceBehavior [ RunTime:0.001330s ]
INFO: [ app_end ] --END-- [ RunTime:0.001667s ]

[ 2017-06-09T17:08:37+08:00 ] 127.0.0.1 /index.php/Home/Cart/edit
INFO: [ app_begin ] --START--
INFO: Run Behavior\ReadHtmlCacheBehavior [ RunTime:0.001593s ]
INFO: [ app_begin ] --END-- [ RunTime:0.002646s ]
INFO: [ app_end ] --START--
INFO: Run Behavior\ShowPageTraceBehavior [ RunTime:0.001208s ]
INFO: [ app_end ] --END-- [ RunTime:0.001508s ]

[ 2017-06-09T17:08:49+08:00 ] 127.0.0.1 /index.php/Home/Cart/edit
INFO: [ app_begin ] --START--
INFO: Run Behavior\ReadHtmlCacheBehavior [ RunTime:0.001799s ]
INFO: [ app_begin ] --END-- [ RunTime:0.003048s ]
INFO: [ app_end ] --START--
INFO: Run Behavior\ShowPageTraceBehavior [ RunTime:0.001353s ]
INFO: [ app_end ] --END-- [ RunTime:0.001699s ]

[ 2017-06-09T17:08:50+08:00 ] 127.0.0.1 /index.php/Home/Cart/edit
INFO: [ app_begin ] --START--
INFO: Run Behavior\ReadHtmlCacheBehavior [ RunTime:0.001798s ]
INFO: [ app_begin ] --END-- [ RunTime:0.003285s ]
INFO: [ app_end ] --START--
INFO: Run Behavior\ShowPageTraceBehavior [ RunTime:0.001343s ]
INFO: [ app_end ] --END-- [ RunTime:0.001680s ]

[ 2017-06-09T17:08:50+08:00 ] 127.0.0.1 /index.php/Home/Cart/edit
INFO: [ app_begin ] --START--
INFO: Run Behavior\ReadHtmlCacheBehavior [ RunTime:0.001944s ]
INFO: [ app_begin ] --END-- [ RunTime:0.003160s ]
INFO: [ app_end ] --START--
INFO: Run Behavior\ShowPageTraceBehavior [ RunTime:0.001377s ]
INFO: [ app_end ] --END-- [ RunTime:0.001712s ]

[ 2017-06-09T17:08:51+08:00 ] 127.0.0.1 /index.php/Home/Cart/edit
INFO: [ app_begin ] --START--
INFO: Run Behavior\ReadHtmlCacheBehavior [ RunTime:0.001565s ]
INFO: [ app_begin ] --END-- [ RunTime:0.002593s ]
INFO: [ app_end ] --START--
INFO: Run Behavior\ShowPageTraceBehavior [ RunTime:0.001194s ]
INFO: [ app_end ] --END-- [ RunTime:0.001497s ]

[ 2017-06-09T17:08:51+08:00 ] 127.0.0.1 /index.php/Home/Cart/edit
INFO: [ app_begin ] --START--
INFO: Run Behavior\ReadHtmlCacheBehavior [ RunTime:0.001788s ]
INFO: [ app_begin ] --END-- [ RunTime:0.002966s ]
INFO: [ app_end ] --START--
INFO: Run Behavior\ShowPageTraceBehavior [ RunTime:0.001333s ]
INFO: [ app_end ] --END-- [ RunTime:0.001677s ]

[ 2017-06-09T17:08:51+08:00 ] 127.0.0.1 /index.php/Home/Cart/edit
INFO: [ app_begin ] --START--
INFO: Run Behavior\ReadHtmlCacheBehavior [ RunTime:0.001859s ]
INFO: [ app_begin ] --END-- [ RunTime:0.003048s ]
INFO: [ app_end ] --START--
INFO: Run Behavior\ShowPageTraceBehavior [ RunTime:0.001668s ]
INFO: [ app_end ] --END-- [ RunTime:0.002008s ]

[ 2017-06-09T17:08:52+08:00 ] 127.0.0.1 /index.php/Home/Cart/edit
INFO: [ app_begin ] --START--
INFO: Run Behavior\ReadHtmlCacheBehavior [ RunTime:0.001775s ]
INFO: [ app_begin ] --END-- [ RunTime:0.002948s ]
INFO: [ app_end ] --START--
INFO: Run Behavior\ShowPageTraceBehavior [ RunTime:0.001364s ]
INFO: [ app_end ] --END-- [ RunTime:0.001708s ]

[ 2017-06-09T17:08:52+08:00 ] 127.0.0.1 /index.php/Home/Cart/edit
INFO: [ app_begin ] --START--
INFO: Run Behavior\ReadHtmlCacheBehavior [ RunTime:0.001763s ]
INFO: [ app_begin ] --END-- [ RunTime:0.002933s ]
INFO: [ app_end ] --START--
INFO: Run Behavior\ShowPageTraceBehavior [ RunTime:0.001321s ]
INFO: [ app_end ] --END-- [ RunTime:0.001677s ]

[ 2017-06-09T17:08:52+08:00 ] 127.0.0.1 /index.php/Home/Cart/edit
INFO: [ app_begin ] --START--
INFO: Run Behavior\ReadHtmlCacheBehavior [ RunTime:0.001758s ]
INFO: [ app_begin ] --END-- [ RunTime:0.002920s ]
INFO: [ app_end ] --START--
INFO: Run Behavior\ShowPageTraceBehavior [ RunTime:0.001194s ]
INFO: [ app_end ] --END-- [ RunTime:0.001500s ]

[ 2017-06-09T17:09:08+08:00 ] 127.0.0.1 /index.php/Home/Cart/edit
INFO: [ app_begin ] --START--
INFO: Run Behavior\ReadHtmlCacheBehavior [ RunTime:0.002152s ]
INFO: [ app_begin ] --END-- [ RunTime:0.003454s ]
INFO: [ app_end ] --START--
INFO: Run Behavior\ShowPageTraceBehavior [ RunTime:0.002002s ]
INFO: [ app_end ] --END-- [ RunTime:0.002307s ]

[ 2017-06-09T17:09:09+08:00 ] 127.0.0.1 /index.php/Home/Cart/edit
INFO: [ app_begin ] --START--
INFO: Run Behavior\ReadHtmlCacheBehavior [ RunTime:0.001974s ]
INFO: [ app_begin ] --END-- [ RunTime:0.003142s ]
INFO: [ app_end ] --START--
INFO: Run Behavior\ShowPageTraceBehavior [ RunTime:0.001988s ]
INFO: [ app_end ] --END-- [ RunTime:0.002288s ]

[ 2017-06-09T17:09:10+08:00 ] 127.0.0.1 /index.php/Home/Cart/edit
INFO: [ app_begin ] --START--
INFO: Run Behavior\ReadHtmlCacheBehavior [ RunTime:0.001979s ]
INFO: [ app_begin ] --END-- [ RunTime:0.003168s ]
INFO: [ app_end ] --START--
INFO: Run Behavior\ShowPageTraceBehavior [ RunTime:0.001973s ]
INFO: [ app_end ] --END-- [ RunTime:0.002272s ]

[ 2017-06-09T17:11:57+08:00 ] 127.0.0.1 /index.php/Home/Cart/edit
INFO: [ app_begin ] --START--
INFO: Run Behavior\ReadHtmlCacheBehavior [ RunTime:0.001893s ]
INFO: [ app_begin ] --END-- [ RunTime:0.003155s ]
INFO: [ app_end ] --START--
INFO: Run Behavior\ShowPageTraceBehavior [ RunTime:0.001446s ]
INFO: [ app_end ] --END-- [ RunTime:0.001743s ]

[ 2017-06-09T17:11:58+08:00 ] 127.0.0.1 /index.php/Home/Cart/edit
INFO: [ app_begin ] --START--
INFO: Run Behavior\ReadHtmlCacheBehavior [ RunTime:0.001776s ]
INFO: [ app_begin ] --END-- [ RunTime:0.002953s ]
INFO: [ app_end ] --START--
INFO: Run Behavior\ShowPageTraceBehavior [ RunTime:0.001339s ]
INFO: [ app_end ] --END-- [ RunTime:0.001675s ]

[ 2017-06-09T17:11:59+08:00 ] 127.0.0.1 /index.php/Home/Cart/edit
INFO: [ app_begin ] --START--
INFO: Run Behavior\ReadHtmlCacheBehavior [ RunTime:0.001848s ]
INFO: [ app_begin ] --END-- [ RunTime:0.003166s ]
INFO: [ app_end ] --START--
INFO: Run Behavior\ShowPageTraceBehavior [ RunTime:0.001347s ]
INFO: [ app_end ] --END-- [ RunTime:0.001690s ]

[ 2017-06-09T17:12:00+08:00 ] 127.0.0.1 /index.php/Home/Cart/edit
INFO: [ app_begin ] --START--
INFO: Run Behavior\ReadHtmlCacheBehavior [ RunTime:0.002080s ]
INFO: [ app_begin ] --END-- [ RunTime:0.003334s ]
INFO: [ app_end ] --START--
INFO: Run Behavior\ShowPageTraceBehavior [ RunTime:0.001327s ]
INFO: [ app_end ] --END-- [ RunTime:0.001668s ]

[ 2017-06-09T17:12:01+08:00 ] 127.0.0.1 /index.php/Home/Cart/edit
INFO: [ app_begin ] --START--
INFO: Run Behavior\ReadHtmlCacheBehavior [ RunTime:0.001855s ]
INFO: [ app_begin ] --END-- [ RunTime:0.003233s ]
INFO: [ app_end ] --START--
INFO: Run Behavior\ShowPageTraceBehavior [ RunTime:0.001321s ]
INFO: [ app_end ] --END-- [ RunTime:0.001657s ]

[ 2017-06-09T17:12:02+08:00 ] 127.0.0.1 /index.php/Home/Cart/edit
INFO: [ app_begin ] --START--
INFO: Run Behavior\ReadHtmlCacheBehavior [ RunTime:0.001887s ]
INFO: [ app_begin ] --END-- [ RunTime:0.003081s ]
INFO: [ app_end ] --START--
INFO: Run Behavior\ShowPageTraceBehavior [ RunTime:0.001322s ]
INFO: [ app_end ] --END-- [ RunTime:0.001657s ]

[ 2017-06-09T17:12:02+08:00 ] 127.0.0.1 /index.php/Home/Cart/edit
INFO: [ app_begin ] --START--
INFO: Run Behavior\ReadHtmlCacheBehavior [ RunTime:0.002017s ]
INFO: [ app_begin ] --END-- [ RunTime:0.003224s ]
INFO: [ app_end ] --START--
INFO: Run Behavior\ShowPageTraceBehavior [ RunTime:0.001320s ]
INFO: [ app_end ] --END-- [ RunTime:0.001655s ]

[ 2017-06-09T17:12:03+08:00 ] 127.0.0.1 /index.php/Home/Cart/edit
INFO: [ app_begin ] --START--
INFO: Run Behavior\ReadHtmlCacheBehavior [ RunTime:0.001747s ]
INFO: [ app_begin ] --END-- [ RunTime:0.002907s ]
INFO: [ app_end ] --START--
INFO: Run Behavior\ShowPageTraceBehavior [ RunTime:0.001307s ]
INFO: [ app_end ] --END-- [ RunTime:0.001649s ]

[ 2017-06-09T17:12:03+08:00 ] 127.0.0.1 /index.php/Home/Cart/edit
INFO: [ app_begin ] --START--
INFO: Run Behavior\ReadHtmlCacheBehavior [ RunTime:0.001765s ]
INFO: [ app_begin ] --END-- [ RunTime:0.002920s ]
INFO: [ app_end ] --START--
INFO: Run Behavior\ShowPageTraceBehavior [ RunTime:0.001331s ]
INFO: [ app_end ] --END-- [ RunTime:0.001670s ]

[ 2017-06-09T17:12:04+08:00 ] 127.0.0.1 /index.php/Home/Cart/edit
INFO: [ app_begin ] --START--
INFO: Run Behavior\ReadHtmlCacheBehavior [ RunTime:0.001966s ]
INFO: [ app_begin ] --END-- [ RunTime:0.003145s ]
INFO: [ app_end ] --START--
INFO: Run Behavior\ShowPageTraceBehavior [ RunTime:0.001349s ]
INFO: [ app_end ] --END-- [ RunTime:0.001680s ]

[ 2017-06-09T17:12:05+08:00 ] 127.0.0.1 /index.php/Home/Cart/edit
INFO: [ app_begin ] --START--
INFO: Run Behavior\ReadHtmlCacheBehavior [ RunTime:0.001806s ]
INFO: [ app_begin ] --END-- [ RunTime:0.003497s ]
INFO: [ app_end ] --START--
INFO: Run Behavior\ShowPageTraceBehavior [ RunTime:0.001312s ]
INFO: [ app_end ] --END-- [ RunTime:0.001645s ]

[ 2017-06-09T17:12:05+08:00 ] 127.0.0.1 /index.php/Home/Cart/edit
INFO: [ app_begin ] --START--
INFO: Run Behavior\ReadHtmlCacheBehavior [ RunTime:0.001768s ]
INFO: [ app_begin ] --END-- [ RunTime:0.002928s ]
INFO: [ app_end ] --START--
INFO: Run Behavior\ShowPageTraceBehavior [ RunTime:0.001321s ]
INFO: [ app_end ] --END-- [ RunTime:0.001653s ]

[ 2017-06-09T17:12:05+08:00 ] 127.0.0.1 /index.php/Home/Cart/edit
INFO: [ app_begin ] --START--
INFO: Run Behavior\ReadHtmlCacheBehavior [ RunTime:0.001594s ]
INFO: [ app_begin ] --END-- [ RunTime:0.002635s ]
INFO: [ app_end ] --START--
INFO: Run Behavior\ShowPageTraceBehavior [ RunTime:0.001200s ]
INFO: [ app_end ] --END-- [ RunTime:0.001493s ]

[ 2017-06-09T17:12:06+08:00 ] 127.0.0.1 /index.php/Home/Cart/edit
INFO: [ app_begin ] --START--
INFO: Run Behavior\ReadHtmlCacheBehavior [ RunTime:0.003174s ]
INFO: [ app_begin ] --END-- [ RunTime:0.004581s ]
INFO: [ app_end ] --START--
INFO: Run Behavior\ShowPageTraceBehavior [ RunTime:0.001334s ]
INFO: [ app_end ] --END-- [ RunTime:0.001668s ]

[ 2017-06-09T17:12:06+08:00 ] 127.0.0.1 /index.php/Home/Cart/edit
INFO: [ app_begin ] --START--
INFO: Run Behavior\ReadHtmlCacheBehavior [ RunTime:0.001772s ]
INFO: [ app_begin ] --END-- [ RunTime:0.002927s ]
INFO: [ app_end ] --START--
INFO: Run Behavior\ShowPageTraceBehavior [ RunTime:0.001316s ]
INFO: [ app_end ] --END-- [ RunTime:0.001649s ]

[ 2017-06-09T17:12:07+08:00 ] 127.0.0.1 /index.php/Home/Cart/edit
INFO: [ app_begin ] --START--
INFO: Run Behavior\ReadHtmlCacheBehavior [ RunTime:0.001770s ]
INFO: [ app_begin ] --END-- [ RunTime:0.002927s ]
INFO: [ app_end ] --START--
INFO: Run Behavior\ShowPageTraceBehavior [ RunTime:0.001516s ]
INFO: [ app_end ] --END-- [ RunTime:0.001852s ]

[ 2017-06-09T17:12:07+08:00 ] 127.0.0.1 /index.php/Home/Cart/edit
INFO: [ app_begin ] --START--
INFO: Run Behavior\ReadHtmlCacheBehavior [ RunTime:0.001776s ]
INFO: [ app_begin ] --END-- [ RunTime:0.002930s ]
INFO: [ app_end ] --START--
INFO: Run Behavior\ShowPageTraceBehavior [ RunTime:0.001309s ]
INFO: [ app_end ] --END-- [ RunTime:0.001648s ]

[ 2017-06-09T17:12:09+08:00 ] 127.0.0.1 /index.php/Home/Cart/edit
INFO: [ app_begin ] --START--
INFO: Run Behavior\ReadHtmlCacheBehavior [ RunTime:0.001589s ]
INFO: [ app_begin ] --END-- [ RunTime:0.002666s ]
INFO: [ app_end ] --START--
INFO: Run Behavior\ShowPageTraceBehavior [ RunTime:0.001181s ]
INFO: [ app_end ] --END-- [ RunTime:0.001483s ]

[ 2017-06-09T17:12:09+08:00 ] 127.0.0.1 /index.php/Home/Cart/edit
INFO: [ app_begin ] --START--
INFO: Run Behavior\ReadHtmlCacheBehavior [ RunTime:0.001754s ]
INFO: [ app_begin ] --END-- [ RunTime:0.002904s ]
INFO: [ app_end ] --START--
INFO: Run Behavior\ShowPageTraceBehavior [ RunTime:0.001219s ]
INFO: [ app_end ] --END-- [ RunTime:0.001547s ]

[ 2017-06-09T17:12:10+08:00 ] 127.0.0.1 /index.php/Home/Cart/edit
INFO: [ app_begin ] --START--
INFO: Run Behavior\ReadHtmlCacheBehavior [ RunTime:0.002015s ]
INFO: [ app_begin ] --END-- [ RunTime:0.003206s ]
INFO: [ app_end ] --START--
INFO: Run Behavior\ShowPageTraceBehavior [ RunTime:0.001338s ]
INFO: [ app_end ] --END-- [ RunTime:0.001673s ]

[ 2017-06-09T17:12:10+08:00 ] 127.0.0.1 /index.php/Home/Cart/edit
INFO: [ app_begin ] --START--
INFO: Run Behavior\ReadHtmlCacheBehavior [ RunTime:0.001807s ]
INFO: [ app_begin ] --END-- [ RunTime:0.003076s ]
INFO: [ app_end ] --START--
INFO: Run Behavior\ShowPageTraceBehavior [ RunTime:0.001320s ]
INFO: [ app_end ] --END-- [ RunTime:0.001655s ]

[ 2017-06-09T17:12:10+08:00 ] 127.0.0.1 /index.php/Home/Cart/edit
INFO: [ app_begin ] --START--
INFO: Run Behavior\ReadHtmlCacheBehavior [ RunTime:0.001780s ]
INFO: [ app_begin ] --END-- [ RunTime:0.002959s ]
INFO: [ app_end ] --START--
INFO: Run Behavior\ShowPageTraceBehavior [ RunTime:0.001319s ]
INFO: [ app_end ] --END-- [ RunTime:0.001656s ]

[ 2017-06-09T17:12:12+08:00 ] 127.0.0.1 /index.php/Home/Cart/edit
INFO: [ app_begin ] --START--
INFO: Run Behavior\ReadHtmlCacheBehavior [ RunTime:0.001791s ]
INFO: [ app_begin ] --END-- [ RunTime:0.003018s ]
INFO: [ app_end ] --START--
INFO: Run Behavior\ShowPageTraceBehavior [ RunTime:0.001322s ]
INFO: [ app_end ] --END-- [ RunTime:0.001651s ]

[ 2017-06-09T17:12:12+08:00 ] 127.0.0.1 /index.php/Home/Cart/edit
INFO: [ app_begin ] --START--
INFO: Run Behavior\ReadHtmlCacheBehavior [ RunTime:0.001793s ]
INFO: [ app_begin ] --END-- [ RunTime:0.003043s ]
INFO: [ app_end ] --START--
INFO: Run Behavior\ShowPageTraceBehavior [ RunTime:0.001282s ]
INFO: [ app_end ] --END-- [ RunTime:0.001602s ]

[ 2017-06-09T17:12:12+08:00 ] 127.0.0.1 /index.php/Home/Cart/edit
INFO: [ app_begin ] --START--
INFO: Run Behavior\ReadHtmlCacheBehavior [ RunTime:0.001760s ]
INFO: [ app_begin ] --END-- [ RunTime:0.002910s ]
INFO: [ app_end ] --START--
INFO: Run Behavior\ShowPageTraceBehavior [ RunTime:0.001337s ]
INFO: [ app_end ] --END-- [ RunTime:0.001665s ]

[ 2017-06-09T17:12:13+08:00 ] 127.0.0.1 /index.php/Home/Cart/edit
INFO: [ app_begin ] --START--
INFO: Run Behavior\ReadHtmlCacheBehavior [ RunTime:0.001750s ]
INFO: [ app_begin ] --END-- [ RunTime:0.002898s ]
INFO: [ app_end ] --START--
INFO: Run Behavior\ShowPageTraceBehavior [ RunTime:0.001322s ]
INFO: [ app_end ] --END-- [ RunTime:0.001651s ]

[ 2017-06-09T17:12:13+08:00 ] 127.0.0.1 /index.php/Home/Cart/edit
INFO: [ app_begin ] --START--
INFO: Run Behavior\ReadHtmlCacheBehavior [ RunTime:0.001753s ]
INFO: [ app_begin ] --END-- [ RunTime:0.002905s ]
INFO: [ app_end ] --START--
INFO: Run Behavior\ShowPageTraceBehavior [ RunTime:0.001313s ]
INFO: [ app_end ] --END-- [ RunTime:0.001644s ]

[ 2017-06-09T17:12:13+08:00 ] 127.0.0.1 /index.php/Home/Cart/edit
INFO: [ app_begin ] --START--
INFO: Run Behavior\ReadHtmlCacheBehavior [ RunTime:0.002347s ]
INFO: [ app_begin ] --END-- [ RunTime:0.003530s ]
INFO: [ app_end ] --START--
INFO: Run Behavior\ShowPageTraceBehavior [ RunTime:0.001332s ]
INFO: [ app_end ] --END-- [ RunTime:0.001664s ]

[ 2017-06-09T17:12:39+08:00 ] 127.0.0.1 /index.php/Home/Cart/edit
INFO: [ app_begin ] --START--
INFO: Run Behavior\ReadHtmlCacheBehavior [ RunTime:0.001590s ]
INFO: [ app_begin ] --END-- [ RunTime:0.002769s ]
INFO: [ app_end ] --START--
INFO: Run Behavior\ShowPageTraceBehavior [ RunTime:0.001684s ]
INFO: [ app_end ] --END-- [ RunTime:0.002012s ]

[ 2017-06-09T23:08:40+08:00 ] 127.0.0.1 /index.php/Home/Cart/edit
INFO: [ app_begin ] --START--
INFO: Run Behavior\ReadHtmlCacheBehavior [ RunTime:0.001577s ]
INFO: [ app_begin ] --END-- [ RunTime:0.002746s ]
INFO: [ app_end ] --START--
INFO: Run Behavior\ShowPageTraceBehavior [ RunTime:0.001455s ]
INFO: [ app_end ] --END-- [ RunTime:0.001759s ]

[ 2017-06-09T23:08:41+08:00 ] 127.0.0.1 /index.php/Home/Cart/edit
INFO: [ app_begin ] --START--
INFO: Run Behavior\ReadHtmlCacheBehavior [ RunTime:0.001458s ]
INFO: [ app_begin ] --END-- [ RunTime:0.002504s ]
INFO: [ app_end ] --START--
INFO: Run Behavior\ShowPageTraceBehavior [ RunTime:0.001355s ]
INFO: [ app_end ] --END-- [ RunTime:0.001659s ]

[ 2017-06-09T23:08:41+08:00 ] 127.0.0.1 /index.php/Home/Cart/edit
INFO: [ app_begin ] --START--
INFO: Run Behavior\ReadHtmlCacheBehavior [ RunTime:0.001175s ]
INFO: [ app_begin ] --END-- [ RunTime:0.002212s ]
INFO: [ app_end ] --START--
INFO: Run Behavior\ShowPageTraceBehavior [ RunTime:0.001184s ]
INFO: [ app_end ] --END-- [ RunTime:0.001483s ]

[ 2017-06-09T23:08:41+08:00 ] 127.0.0.1 /index.php/Home/Cart/edit
INFO: [ app_begin ] --START--
INFO: Run Behavior\ReadHtmlCacheBehavior [ RunTime:0.001194s ]
INFO: [ app_begin ] --END-- [ RunTime:0.002268s ]
INFO: [ app_end ] --START--
INFO: Run Behavior\ShowPageTraceBehavior [ RunTime:0.001253s ]
INFO: [ app_end ] --END-- [ RunTime:0.001687s ]

[ 2017-06-09T23:08:44+08:00 ] 127.0.0.1 /index.php/Home/Cart/edit
INFO: [ app_begin ] --START--
INFO: Run Behavior\ReadHtmlCacheBehavior [ RunTime:0.001277s ]
INFO: [ app_begin ] --END-- [ RunTime:0.002529s ]
INFO: [ app_end ] --START--
INFO: Run Behavior\ShowPageTraceBehavior [ RunTime:0.001306s ]
INFO: [ app_end ] --END-- [ RunTime:0.001609s ]

[ 2017-06-09T23:08:44+08:00 ] 127.0.0.1 /index.php/Home/Cart/edit
INFO: [ app_begin ] --START--
INFO: Run Behavior\ReadHtmlCacheBehavior [ RunTime:0.001184s ]
INFO: [ app_begin ] --END-- [ RunTime:0.002228s ]
INFO: [ app_end ] --START--
INFO: Run Behavior\ShowPageTraceBehavior [ RunTime:0.001185s ]
INFO: [ app_end ] --END-- [ RunTime:0.001486s ]

[ 2017-06-09T23:08:45+08:00 ] 127.0.0.1 /index.php/Home/Cart/edit
INFO: [ app_begin ] --START--
INFO: Run Behavior\ReadHtmlCacheBehavior [ RunTime:0.001189s ]
INFO: [ app_begin ] --END-- [ RunTime:0.002264s ]
INFO: [ app_end ] --START--
INFO: Run Behavior\ShowPageTraceBehavior [ RunTime:0.001182s ]
INFO: [ app_end ] --END-- [ RunTime:0.001479s ]

[ 2017-06-09T23:08:45+08:00 ] 127.0.0.1 /index.php/Home/Cart/edit
INFO: [ app_begin ] --START--
INFO: Run Behavior\ReadHtmlCacheBehavior [ RunTime:0.001189s ]
INFO: [ app_begin ] --END-- [ RunTime:0.002278s ]
INFO: [ app_end ] --START--
INFO: Run Behavior\ShowPageTraceBehavior [ RunTime:0.001183s ]
INFO: [ app_end ] --END-- [ RunTime:0.001488s ]

[ 2017-06-09T23:08:48+08:00 ] 127.0.0.1 /index.php/Home/Cart/edit
INFO: [ app_begin ] --START--
INFO: Run Behavior\ReadHtmlCacheBehavior [ RunTime:0.001382s ]
INFO: [ app_begin ] --END-- [ RunTime:0.002579s ]
INFO: [ app_end ] --START--
INFO: Run Behavior\ShowPageTraceBehavior [ RunTime:0.001188s ]
INFO: [ app_end ] --END-- [ RunTime:0.001489s ]

[ 2017-06-09T23:08:48+08:00 ] 127.0.0.1 /index.php/Home/Cart/edit
INFO: [ app_begin ] --START--
INFO: Run Behavior\ReadHtmlCacheBehavior [ RunTime:0.001186s ]
INFO: [ app_begin ] --END-- [ RunTime:0.002245s ]
INFO: [ app_end ] --START--
INFO: Run Behavior\ShowPageTraceBehavior [ RunTime:0.001184s ]
INFO: [ app_end ] --END-- [ RunTime:0.001490s ]

[ 2017-06-09T23:08:48+08:00 ] 127.0.0.1 /index.php/Home/Cart/edit
INFO: [ app_begin ] --START--
INFO: Run Behavior\ReadHtmlCacheBehavior [ RunTime:0.001184s ]
INFO: [ app_begin ] --END-- [ RunTime:0.002220s ]
INFO: [ app_end ] --START--
INFO: Run Behavior\ShowPageTraceBehavior [ RunTime:0.001181s ]
INFO: [ app_end ] --END-- [ RunTime:0.001491s ]

[ 2017-06-09T23:08:48+08:00 ] 127.0.0.1 /index.php/Home/Cart/edit
INFO: [ app_begin ] --START--
INFO: Run Behavior\ReadHtmlCacheBehavior [ RunTime:0.001364s ]
INFO: [ app_begin ] --END-- [ RunTime:0.002596s ]
INFO: [ app_end ] --START--
INFO: Run Behavior\ShowPageTraceBehavior [ RunTime:0.001335s ]
INFO: [ app_end ] --END-- [ RunTime:0.001684s ]

[ 2017-06-09T23:08:48+08:00 ] 127.0.0.1 /index.php/Home/Cart/edit
INFO: [ app_begin ] --START--
INFO: Run Behavior\ReadHtmlCacheBehavior [ RunTime:0.001291s ]
INFO: [ app_begin ] --END-- [ RunTime:0.002425s ]
INFO: [ app_end ] --START--
INFO: Run Behavior\ShowPageTraceBehavior [ RunTime:0.001212s ]
INFO: [ app_end ] --END-- [ RunTime:0.001515s ]

[ 2017-06-09T23:08:49+08:00 ] 127.0.0.1 /index.php/Home/Cart/edit
INFO: [ app_begin ] --START--
INFO: Run Behavior\ReadHtmlCacheBehavior [ RunTime:0.001181s ]
INFO: [ app_begin ] --END-- [ RunTime:0.002219s ]
INFO: [ app_end ] --START--
INFO: Run Behavior\ShowPageTraceBehavior [ RunTime:0.001207s ]
INFO: [ app_end ] --END-- [ RunTime:0.001511s ]

[ 2017-06-09T23:08:49+08:00 ] 127.0.0.1 /index.php/Home/Cart/edit
INFO: [ app_begin ] --START--
INFO: Run Behavior\ReadHtmlCacheBehavior [ RunTime:0.001302s ]
INFO: [ app_begin ] --END-- [ RunTime:0.002401s ]
INFO: [ app_end ] --START--
INFO: Run Behavior\ShowPageTraceBehavior [ RunTime:0.001292s ]
INFO: [ app_end ] --END-- [ RunTime:0.001641s ]

[ 2017-06-09T23:08:49+08:00 ] 127.0.0.1 /index.php/Home/Cart/edit
INFO: [ app_begin ] --START--
INFO: Run Behavior\ReadHtmlCacheBehavior [ RunTime:0.001389s ]
INFO: [ app_begin ] --END-- [ RunTime:0.002694s ]
INFO: [ app_end ] --START--
INFO: Run Behavior\ShowPageTraceBehavior [ RunTime:0.001365s ]
INFO: [ app_end ] --END-- [ RunTime:0.001711s ]

[ 2017-06-09T23:08:49+08:00 ] 127.0.0.1 /index.php/Home/Cart/edit
INFO: [ app_begin ] --START--
INFO: Run Behavior\ReadHtmlCacheBehavior [ RunTime:0.001195s ]
INFO: [ app_begin ] --END-- [ RunTime:0.002253s ]
INFO: [ app_end ] --START--
INFO: Run Behavior\ShowPageTraceBehavior [ RunTime:0.001209s ]
INFO: [ app_end ] --END-- [ RunTime:0.001588s ]

[ 2017-06-09T23:08:49+08:00 ] 127.0.0.1 /index.php/Home/Cart/edit
INFO: [ app_begin ] --START--
INFO: Run Behavior\ReadHtmlCacheBehavior [ RunTime:0.001416s ]
INFO: [ app_begin ] --END-- [ RunTime:0.002569s ]
INFO: [ app_end ] --START--
INFO: Run Behavior\ShowPageTraceBehavior [ RunTime:0.001197s ]
INFO: [ app_end ] --END-- [ RunTime:0.001508s ]

[ 2017-06-09T23:08:50+08:00 ] 127.0.0.1 /index.php/Home/Cart/edit
INFO: [ app_begin ] --START--
INFO: Run Behavior\ReadHtmlCacheBehavior [ RunTime:0.001345s ]
INFO: [ app_begin ] --END-- [ RunTime:0.002722s ]
INFO: [ app_end ] --START--
INFO: Run Behavior\ShowPageTraceBehavior [ RunTime:0.001327s ]
INFO: [ app_end ] --END-- [ RunTime:0.001660s ]

[ 2017-06-09T23:08:50+08:00 ] 127.0.0.1 /index.php/Home/Cart/edit
INFO: [ app_begin ] --START--
INFO: Run Behavior\ReadHtmlCacheBehavior [ RunTime:0.001336s ]
INFO: [ app_begin ] --END-- [ RunTime:0.002503s ]
INFO: [ app_end ] --START--
INFO: Run Behavior\ShowPageTraceBehavior [ RunTime:0.001315s ]
INFO: [ app_end ] --END-- [ RunTime:0.001634s ]

[ 2017-06-09T23:08:50+08:00 ] 127.0.0.1 /index.php/Home/Cart/edit
INFO: [ app_begin ] --START--
INFO: Run Behavior\ReadHtmlCacheBehavior [ RunTime:0.001464s ]
INFO: [ app_begin ] --END-- [ RunTime:0.002788s ]
INFO: [ app_end ] --START--
INFO: Run Behavior\ShowPageTraceBehavior [ RunTime:0.001186s ]
INFO: [ app_end ] --END-- [ RunTime:0.001491s ]

[ 2017-06-09T23:08:50+08:00 ] 127.0.0.1 /index.php/Home/Cart/edit
INFO: [ app_begin ] --START--
INFO: Run Behavior\ReadHtmlCacheBehavior [ RunTime:0.001440s ]
INFO: [ app_begin ] --END-- [ RunTime:0.002715s ]
INFO: [ app_end ] --START--
INFO: Run Behavior\ShowPageTraceBehavior [ RunTime:0.001346s ]
INFO: [ app_end ] --END-- [ RunTime:0.001698s ]

[ 2017-06-09T23:08:51+08:00 ] 127.0.0.1 /index.php/Home/Cart/edit
INFO: [ app_begin ] --START--
INFO: Run Behavior\ReadHtmlCacheBehavior [ RunTime:0.001199s ]
INFO: [ app_begin ] --END-- [ RunTime:0.002311s ]
INFO: [ app_end ] --START--
INFO: Run Behavior\ShowPageTraceBehavior [ RunTime:0.001220s ]
INFO: [ app_end ] --END-- [ RunTime:0.001519s ]

[ 2017-06-09T23:08:52+08:00 ] 127.0.0.1 /index.php/Home/Cart/edit
INFO: [ app_begin ] --START--
INFO: Run Behavior\ReadHtmlCacheBehavior [ RunTime:0.001333s ]
INFO: [ app_begin ] --END-- [ RunTime:0.002516s ]
INFO: [ app_end ] --START--
INFO: Run Behavior\ShowPageTraceBehavior [ RunTime:0.001336s ]
INFO: [ app_end ] --END-- [ RunTime:0.001685s ]

[ 2017-06-09T23:08:53+08:00 ] 127.0.0.1 /index.php/Home/Cart/edit
INFO: [ app_begin ] --START--
INFO: Run Behavior\ReadHtmlCacheBehavior [ RunTime:0.001332s ]
INFO: [ app_begin ] --END-- [ RunTime:0.002508s ]
INFO: [ app_end ] --START--
INFO: Run Behavior\ShowPageTraceBehavior [ RunTime:0.001331s ]
INFO: [ app_end ] --END-- [ RunTime:0.001675s ]

[ 2017-06-09T23:08:53+08:00 ] 127.0.0.1 /index.php/Home/Cart/edit
INFO: [ app_begin ] --START--
INFO: Run Behavior\ReadHtmlCacheBehavior [ RunTime:0.001280s ]
INFO: [ app_begin ] --END-- [ RunTime:0.002431s ]
INFO: [ app_end ] --START--
INFO: Run Behavior\ShowPageTraceBehavior [ RunTime:0.001250s ]
INFO: [ app_end ] --END-- [ RunTime:0.001571s ]

[ 2017-06-09T23:08:53+08:00 ] 127.0.0.1 /index.php/Home/Cart/edit
INFO: [ app_begin ] --START--
INFO: Run Behavior\ReadHtmlCacheBehavior [ RunTime:0.001205s ]
INFO: [ app_begin ] --END-- [ RunTime:0.002886s ]
INFO: [ app_end ] --START--
INFO: Run Behavior\ShowPageTraceBehavior [ RunTime:0.001187s ]
INFO: [ app_end ] --END-- [ RunTime:0.001485s ]

[ 2017-06-09T23:08:53+08:00 ] 127.0.0.1 /index.php/Home/Cart/edit
INFO: [ app_begin ] --START--
INFO: Run Behavior\ReadHtmlCacheBehavior [ RunTime:0.001338s ]
INFO: [ app_begin ] --END-- [ RunTime:0.002812s ]
INFO: [ app_end ] --START--
INFO: Run Behavior\ShowPageTraceBehavior [ RunTime:0.001333s ]
INFO: [ app_end ] --END-- [ RunTime:0.001667s ]

[ 2017-06-09T23:08:54+08:00 ] 127.0.0.1 /index.php/Home/Cart/edit
INFO: [ app_begin ] --START--
INFO: Run Behavior\ReadHtmlCacheBehavior [ RunTime:0.001177s ]
INFO: [ app_begin ] --END-- [ RunTime:0.002209s ]
INFO: [ app_end ] --START--
INFO: Run Behavior\ShowPageTraceBehavior [ RunTime:0.001178s ]
INFO: [ app_end ] --END-- [ RunTime:0.001480s ]

[ 2017-06-09T23:08:54+08:00 ] 127.0.0.1 /index.php/Home/Cart/edit
INFO: [ app_begin ] --START--
INFO: Run Behavior\ReadHtmlCacheBehavior [ RunTime:0.001330s ]
INFO: [ app_begin ] --END-- [ RunTime:0.002504s ]
INFO: [ app_end ] --START--
INFO: Run Behavior\ShowPageTraceBehavior [ RunTime:0.001360s ]
INFO: [ app_end ] --END-- [ RunTime:0.001700s ]

[ 2017-06-09T23:08:54+08:00 ] 127.0.0.1 /index.php/Home/Cart/edit
INFO: [ app_begin ] --START--
INFO: Run Behavior\ReadHtmlCacheBehavior [ RunTime:0.001183s ]
INFO: [ app_begin ] --END-- [ RunTime:0.002221s ]
INFO: [ app_end ] --START--
INFO: Run Behavior\ShowPageTraceBehavior [ RunTime:0.001192s ]
INFO: [ app_end ] --END-- [ RunTime:0.001493s ]

[ 2017-06-09T23:08:54+08:00 ] 127.0.0.1 /index.php/Home/Cart/edit
INFO: [ app_begin ] --START--
INFO: Run Behavior\ReadHtmlCacheBehavior [ RunTime:0.001217s ]
INFO: [ app_begin ] --END-- [ RunTime:0.002260s ]
INFO: [ app_end ] --START--
INFO: Run Behavior\ShowPageTraceBehavior [ RunTime:0.001214s ]
INFO: [ app_end ] --END-- [ RunTime:0.001534s ]

[ 2017-06-09T23:08:55+08:00 ] 127.0.0.1 /index.php/Home/Cart/edit
INFO: [ app_begin ] --START--
INFO: Run Behavior\ReadHtmlCacheBehavior [ RunTime:0.001194s ]
INFO: [ app_begin ] --END-- [ RunTime:0.002242s ]
INFO: [ app_end ] --START--
INFO: Run Behavior\ShowPageTraceBehavior [ RunTime:0.001194s ]
INFO: [ app_end ] --END-- [ RunTime:0.001494s ]

[ 2017-06-09T23:09:41+08:00 ] 127.0.0.1 /index.php/Home/Cart/edit
INFO: [ app_begin ] --START--
INFO: Run Behavior\ReadHtmlCacheBehavior [ RunTime:0.001313s ]
INFO: [ app_begin ] --END-- [ RunTime:0.002476s ]
INFO: [ app_end ] --START--
INFO: Run Behavior\ShowPageTraceBehavior [ RunTime:0.001224s ]
INFO: [ app_end ] --END-- [ RunTime:0.001529s ]

[ 2017-06-09T23:09:42+08:00 ] 127.0.0.1 /index.php/Home/Cart/edit
INFO: [ app_begin ] --START--
INFO: Run Behavior\ReadHtmlCacheBehavior [ RunTime:0.001351s ]
INFO: [ app_begin ] --END-- [ RunTime:0.002559s ]
INFO: [ app_end ] --START--
INFO: Run Behavior\ShowPageTraceBehavior [ RunTime:0.001514s ]
INFO: [ app_end ] --END-- [ RunTime:0.002010s ]

[ 2017-06-09T23:09:42+08:00 ] 127.0.0.1 /index.php/Home/Cart/edit
INFO: [ app_begin ] --START--
INFO: Run Behavior\ReadHtmlCacheBehavior [ RunTime:0.001322s ]
INFO: [ app_begin ] --END-- [ RunTime:0.002484s ]
INFO: [ app_end ] --START--
INFO: Run Behavior\ShowPageTraceBehavior [ RunTime:0.001180s ]
INFO: [ app_end ] --END-- [ RunTime:0.001479s ]

[ 2017-06-09T23:09:42+08:00 ] 127.0.0.1 /index.php/Home/Cart/edit
INFO: [ app_begin ] --START--
INFO: Run Behavior\ReadHtmlCacheBehavior [ RunTime:0.001172s ]
INFO: [ app_begin ] --END-- [ RunTime:0.002213s ]
INFO: [ app_end ] --START--
INFO: Run Behavior\ShowPageTraceBehavior [ RunTime:0.001224s ]
INFO: [ app_end ] --END-- [ RunTime:0.001527s ]

[ 2017-06-09T23:09:43+08:00 ] 127.0.0.1 /index.php/Home/Cart/edit
INFO: [ app_begin ] --START--
INFO: Run Behavior\ReadHtmlCacheBehavior [ RunTime:0.001327s ]
INFO: [ app_begin ] --END-- [ RunTime:0.002510s ]
INFO: [ app_end ] --START--
INFO: Run Behavior\ShowPageTraceBehavior [ RunTime:0.001184s ]
INFO: [ app_end ] --END-- [ RunTime:0.001483s ]

[ 2017-06-09T23:09:43+08:00 ] 127.0.0.1 /index.php/Home/Cart/edit
INFO: [ app_begin ] --START--
INFO: Run Behavior\ReadHtmlCacheBehavior [ RunTime:0.001208s ]
INFO: [ app_begin ] --END-- [ RunTime:0.002357s ]
INFO: [ app_end ] --START--
INFO: Run Behavior\ShowPageTraceBehavior [ RunTime:0.001186s ]
INFO: [ app_end ] --END-- [ RunTime:0.001487s ]

[ 2017-06-09T23:10:00+08:00 ] 127.0.0.1 /index.php/Home/Cart/edit
INFO: [ app_begin ] --START--
INFO: Run Behavior\ReadHtmlCacheBehavior [ RunTime:0.001825s ]
INFO: [ app_begin ] --END-- [ RunTime:0.002977s ]
INFO: [ app_end ] --START--
INFO: Run Behavior\ShowPageTraceBehavior [ RunTime:0.001479s ]
INFO: [ app_end ] --END-- [ RunTime:0.001782s ]

[ 2017-06-09T23:10:00+08:00 ] 127.0.0.1 /index.php/Home/Cart/edit
INFO: [ app_begin ] --START--
INFO: Run Behavior\ReadHtmlCacheBehavior [ RunTime:0.001565s ]
INFO: [ app_begin ] --END-- [ RunTime:0.002597s ]
INFO: [ app_end ] --START--
INFO: Run Behavior\ShowPageTraceBehavior [ RunTime:0.001169s ]
INFO: [ app_end ] --END-- [ RunTime:0.001465s ]

[ 2017-06-09T23:10:00+08:00 ] 127.0.0.1 /index.php/Home/Cart/edit
INFO: [ app_begin ] --START--
INFO: Run Behavior\ReadHtmlCacheBehavior [ RunTime:0.001564s ]
INFO: [ app_begin ] --END-- [ RunTime:0.002595s ]
INFO: [ app_end ] --START--
INFO: Run Behavior\ShowPageTraceBehavior [ RunTime:0.001239s ]
INFO: [ app_end ] --END-- [ RunTime:0.001547s ]

[ 2017-06-09T23:11:50+08:00 ] 127.0.0.1 /index.php/Home/Cart/edit
INFO: [ app_begin ] --START--
INFO: Run Behavior\ReadHtmlCacheBehavior [ RunTime:0.002327s ]
INFO: [ app_begin ] --END-- [ RunTime:0.003487s ]
INFO: [ app_end ] --START--
INFO: Run Behavior\ShowPageTraceBehavior [ RunTime:0.001467s ]
INFO: [ app_end ] --END-- [ RunTime:0.001770s ]

[ 2017-06-09T23:11:51+08:00 ] 127.0.0.1 /index.php/Home/Cart/edit
INFO: [ app_begin ] --START--
INFO: Run Behavior\ReadHtmlCacheBehavior [ RunTime:0.001324s ]
INFO: [ app_begin ] --END-- [ RunTime:0.002473s ]
INFO: [ app_end ] --START--
INFO: Run Behavior\ShowPageTraceBehavior [ RunTime:0.001233s ]
INFO: [ app_end ] --END-- [ RunTime:0.001632s ]

[ 2017-06-09T23:11:51+08:00 ] 127.0.0.1 /index.php/Home/Cart/edit
INFO: [ app_begin ] --START--
INFO: Run Behavior\ReadHtmlCacheBehavior [ RunTime:0.001288s ]
INFO: [ app_begin ] --END-- [ RunTime:0.002339s ]
INFO: [ app_end ] --START--
INFO: Run Behavior\ShowPageTraceBehavior [ RunTime:0.001188s ]
INFO: [ app_end ] --END-- [ RunTime:0.001495s ]

[ 2017-06-09T23:11:52+08:00 ] 127.0.0.1 /index.php/Home/Cart/edit
INFO: [ app_begin ] --START--
INFO: Run Behavior\ReadHtmlCacheBehavior [ RunTime:0.001330s ]
INFO: [ app_begin ] --END-- [ RunTime:0.002493s ]
INFO: [ app_end ] --START--
INFO: Run Behavior\ShowPageTraceBehavior [ RunTime:0.001250s ]
INFO: [ app_end ] --END-- [ RunTime:0.001566s ]

[ 2017-06-09T23:11:52+08:00 ] 127.0.0.1 /index.php/Home/Cart/edit
INFO: [ app_begin ] --START--
INFO: Run Behavior\ReadHtmlCacheBehavior [ RunTime:0.001185s ]
INFO: [ app_begin ] --END-- [ RunTime:0.002234s ]
INFO: [ app_end ] --START--
INFO: Run Behavior\ShowPageTraceBehavior [ RunTime:0.001186s ]
INFO: [ app_end ] --END-- [ RunTime:0.001497s ]

[ 2017-06-09T23:11:52+08:00 ] 127.0.0.1 /index.php/Home/Cart/edit
INFO: [ app_begin ] --START--
INFO: Run Behavior\ReadHtmlCacheBehavior [ RunTime:0.001182s ]
INFO: [ app_begin ] --END-- [ RunTime:0.002227s ]
INFO: [ app_end ] --START--
INFO: Run Behavior\ShowPageTraceBehavior [ RunTime:0.001187s ]
INFO: [ app_end ] --END-- [ RunTime:0.001490s ]

[ 2017-06-09T23:11:53+08:00 ] 127.0.0.1 /index.php/Home/Cart/edit
INFO: [ app_begin ] --START--
INFO: Run Behavior\ReadHtmlCacheBehavior [ RunTime:0.001188s ]
INFO: [ app_begin ] --END-- [ RunTime:0.002240s ]
INFO: [ app_end ] --START--
INFO: Run Behavior\ShowPageTraceBehavior [ RunTime:0.001224s ]
INFO: [ app_end ] --END-- [ RunTime:0.001528s ]

[ 2017-06-09T23:11:53+08:00 ] 127.0.0.1 /index.php/Home/Cart/edit
INFO: [ app_begin ] --START--
INFO: Run Behavior\ReadHtmlCacheBehavior [ RunTime:0.001187s ]
INFO: [ app_begin ] --END-- [ RunTime:0.002266s ]
INFO: [ app_end ] --START--
INFO: Run Behavior\ShowPageTraceBehavior [ RunTime:0.001234s ]
INFO: [ app_end ] --END-- [ RunTime:0.001544s ]

[ 2017-06-09T23:11:53+08:00 ] 127.0.0.1 /index.php/Home/Cart/edit
INFO: [ app_begin ] --START--
INFO: Run Behavior\ReadHtmlCacheBehavior [ RunTime:0.001188s ]
INFO: [ app_begin ] --END-- [ RunTime:0.002236s ]
INFO: [ app_end ] --START--
INFO: Run Behavior\ShowPageTraceBehavior [ RunTime:0.001183s ]
INFO: [ app_end ] --END-- [ RunTime:0.001484s ]

[ 2017-06-09T23:11:54+08:00 ] 127.0.0.1 /index.php/Home/Cart/edit
INFO: [ app_begin ] --START--
INFO: Run Behavior\ReadHtmlCacheBehavior [ RunTime:0.001169s ]
INFO: [ app_begin ] --END-- [ RunTime:0.002204s ]
INFO: [ app_end ] --START--
INFO: Run Behavior\ShowPageTraceBehavior [ RunTime:0.001425s ]
INFO: [ app_end ] --END-- [ RunTime:0.001730s ]

[ 2017-06-09T23:13:32+08:00 ] 127.0.0.1 /index.php/Home/Cart/edit
INFO: [ app_begin ] --START--
INFO: Run Behavior\ReadHtmlCacheBehavior [ RunTime:0.001763s ]
INFO: [ app_begin ] --END-- [ RunTime:0.002918s ]
INFO: [ app_end ] --START--
INFO: Run Behavior\ShowPageTraceBehavior [ RunTime:0.001447s ]
INFO: [ app_end ] --END-- [ RunTime:0.001747s ]

[ 2017-06-09T23:13:33+08:00 ] 127.0.0.1 /index.php/Home/Cart/edit
INFO: [ app_begin ] --START--
INFO: Run Behavior\ReadHtmlCacheBehavior [ RunTime:0.001832s ]
INFO: [ app_begin ] --END-- [ RunTime:0.003036s ]
INFO: [ app_end ] --START--
INFO: Run Behavior\ShowPageTraceBehavior [ RunTime:0.001256s ]
INFO: [ app_end ] --END-- [ RunTime:0.001572s ]

[ 2017-06-09T23:13:33+08:00 ] 127.0.0.1 /index.php/Home/Cart/edit
INFO: [ app_begin ] --START--
INFO: Run Behavior\ReadHtmlCacheBehavior [ RunTime:0.001685s ]
INFO: [ app_begin ] --END-- [ RunTime:0.003451s ]
INFO: [ app_end ] --START--
INFO: Run Behavior\ShowPageTraceBehavior [ RunTime:0.001333s ]
INFO: [ app_end ] --END-- [ RunTime:0.001672s ]

[ 2017-06-09T23:13:34+08:00 ] 127.0.0.1 /index.php/Home/Cart/edit
INFO: [ app_begin ] --START--
INFO: Run Behavior\ReadHtmlCacheBehavior [ RunTime:0.001794s ]
INFO: [ app_begin ] --END-- [ RunTime:0.003000s ]
INFO: [ app_end ] --START--
INFO: Run Behavior\ShowPageTraceBehavior [ RunTime:0.001334s ]
INFO: [ app_end ] --END-- [ RunTime:0.001668s ]

[ 2017-06-09T23:13:35+08:00 ] 127.0.0.1 /index.php/Home/Cart/edit
INFO: [ app_begin ] --START--
INFO: Run Behavior\ReadHtmlCacheBehavior [ RunTime:0.002248s ]
INFO: [ app_begin ] --END-- [ RunTime:0.003427s ]
INFO: [ app_end ] --START--
INFO: Run Behavior\ShowPageTraceBehavior [ RunTime:0.001336s ]
INFO: [ app_end ] --END-- [ RunTime:0.001672s ]

[ 2017-06-09T23:13:35+08:00 ] 127.0.0.1 /index.php/Home/Cart/edit
INFO: [ app_begin ] --START--
INFO: Run Behavior\ReadHtmlCacheBehavior [ RunTime:0.001733s ]
INFO: [ app_begin ] --END-- [ RunTime:0.002797s ]
INFO: [ app_end ] --START--
INFO: Run Behavior\ShowPageTraceBehavior [ RunTime:0.001338s ]
INFO: [ app_end ] --END-- [ RunTime:0.001671s ]

[ 2017-06-09T23:13:35+08:00 ] 127.0.0.1 /index.php/Home/Cart/edit
INFO: [ app_begin ] --START--
INFO: Run Behavior\ReadHtmlCacheBehavior [ RunTime:0.002466s ]
INFO: [ app_begin ] --END-- [ RunTime:0.003649s ]
INFO: [ app_end ] --START--
INFO: Run Behavior\ShowPageTraceBehavior [ RunTime:0.001383s ]
INFO: [ app_end ] --END-- [ RunTime:0.001719s ]

[ 2017-06-09T23:13:35+08:00 ] 127.0.0.1 /index.php/Home/Cart/edit
INFO: [ app_begin ] --START--
INFO: Run Behavior\ReadHtmlCacheBehavior [ RunTime:0.001612s ]
INFO: [ app_begin ] --END-- [ RunTime:0.002766s ]
INFO: [ app_end ] --START--
INFO: Run Behavior\ShowPageTraceBehavior [ RunTime:0.001175s ]
INFO: [ app_end ] --END-- [ RunTime:0.001494s ]

[ 2017-06-09T23:13:35+08:00 ] 127.0.0.1 /index.php/Home/Cart/edit
INFO: [ app_begin ] --START--
INFO: Run Behavior\ReadHtmlCacheBehavior [ RunTime:0.001578s ]
INFO: [ app_begin ] --END-- [ RunTime:0.002647s ]
INFO: [ app_end ] --START--
INFO: Run Behavior\ShowPageTraceBehavior [ RunTime:0.001301s ]
INFO: [ app_end ] --END-- [ RunTime:0.001880s ]

[ 2017-06-09T23:13:35+08:00 ] 127.0.0.1 /index.php/Home/Cart/edit
INFO: [ app_begin ] --START--
INFO: Run Behavior\ReadHtmlCacheBehavior [ RunTime:0.001641s ]
INFO: [ app_begin ] --END-- [ RunTime:0.002791s ]
INFO: [ app_end ] --START--
INFO: Run Behavior\ShowPageTraceBehavior [ RunTime:0.001268s ]
INFO: [ app_end ] --END-- [ RunTime:0.001580s ]

[ 2017-06-09T23:13:36+08:00 ] 127.0.0.1 /index.php/Home/Cart/edit
INFO: [ app_begin ] --START--
INFO: Run Behavior\ReadHtmlCacheBehavior [ RunTime:0.001793s ]
INFO: [ app_begin ] --END-- [ RunTime:0.002980s ]
INFO: [ app_end ] --START--
INFO: Run Behavior\ShowPageTraceBehavior [ RunTime:0.001323s ]
INFO: [ app_end ] --END-- [ RunTime:0.001660s ]

[ 2017-06-09T23:13:39+08:00 ] 127.0.0.1 /index.php/Home/Cart/edit
INFO: [ app_begin ] --START--
INFO: Run Behavior\ReadHtmlCacheBehavior [ RunTime:0.001815s ]
INFO: [ app_begin ] --END-- [ RunTime:0.003053s ]
INFO: [ app_end ] --START--
INFO: Run Behavior\ShowPageTraceBehavior [ RunTime:0.001266s ]
INFO: [ app_end ] --END-- [ RunTime:0.001586s ]

[ 2017-06-09T23:13:40+08:00 ] 127.0.0.1 /index.php/Home/Cart/edit
INFO: [ app_begin ] --START--
INFO: Run Behavior\ReadHtmlCacheBehavior [ RunTime:0.001771s ]
INFO: [ app_begin ] --END-- [ RunTime:0.002955s ]
INFO: [ app_end ] --START--
INFO: Run Behavior\ShowPageTraceBehavior [ RunTime:0.001338s ]
INFO: [ app_end ] --END-- [ RunTime:0.001673s ]

[ 2017-06-09T23:13:40+08:00 ] 127.0.0.1 /index.php/Home/Cart/edit
INFO: [ app_begin ] --START--
INFO: Run Behavior\ReadHtmlCacheBehavior [ RunTime:0.001794s ]
INFO: [ app_begin ] --END-- [ RunTime:0.003247s ]
INFO: [ app_end ] --START--
INFO: Run Behavior\ShowPageTraceBehavior [ RunTime:0.001222s ]
INFO: [ app_end ] --END-- [ RunTime:0.001524s ]

[ 2017-06-09T23:13:40+08:00 ] 127.0.0.1 /index.php/Home/Cart/edit
INFO: [ app_begin ] --START--
INFO: Run Behavior\ReadHtmlCacheBehavior [ RunTime:0.001914s ]
INFO: [ app_begin ] --END-- [ RunTime:0.003048s ]
INFO: [ app_end ] --START--
INFO: Run Behavior\ShowPageTraceBehavior [ RunTime:0.001361s ]
INFO: [ app_end ] --END-- [ RunTime:0.001696s ]

[ 2017-06-09T23:13:40+08:00 ] 127.0.0.1 /index.php/Home/Cart/edit
INFO: [ app_begin ] --START--
INFO: Run Behavior\ReadHtmlCacheBehavior [ RunTime:0.001817s ]
INFO: [ app_begin ] --END-- [ RunTime:0.003072s ]
INFO: [ app_end ] --START--
INFO: Run Behavior\ShowPageTraceBehavior [ RunTime:0.001341s ]
INFO: [ app_end ] --END-- [ RunTime:0.001676s ]

[ 2017-06-09T23:13:41+08:00 ] 127.0.0.1 /index.php/Home/Cart/edit
INFO: [ app_begin ] --START--
INFO: Run Behavior\ReadHtmlCacheBehavior [ RunTime:0.001612s ]
INFO: [ app_begin ] --END-- [ RunTime:0.002763s ]
INFO: [ app_end ] --START--
INFO: Run Behavior\ShowPageTraceBehavior [ RunTime:0.001226s ]
INFO: [ app_end ] --END-- [ RunTime:0.001526s ]

[ 2017-06-09T23:13:41+08:00 ] 127.0.0.1 /index.php/Home/Cart/edit
INFO: [ app_begin ] --START--
INFO: Run Behavior\ReadHtmlCacheBehavior [ RunTime:0.001974s ]
INFO: [ app_begin ] --END-- [ RunTime:0.003247s ]
INFO: [ app_end ] --START--
INFO: Run Behavior\ShowPageTraceBehavior [ RunTime:0.001346s ]
INFO: [ app_end ] --END-- [ RunTime:0.001722s ]

[ 2017-06-09T23:13:41+08:00 ] 127.0.0.1 /index.php/Home/Cart/edit
INFO: [ app_begin ] --START--
INFO: Run Behavior\ReadHtmlCacheBehavior [ RunTime:0.002233s ]
INFO: [ app_begin ] --END-- [ RunTime:0.003463s ]
INFO: [ app_end ] --START--
INFO: Run Behavior\ShowPageTraceBehavior [ RunTime:0.001261s ]
INFO: [ app_end ] --END-- [ RunTime:0.001581s ]

[ 2017-06-09T23:13:41+08:00 ] 127.0.0.1 /index.php/Home/Cart/edit
INFO: [ app_begin ] --START--
INFO: Run Behavior\ReadHtmlCacheBehavior [ RunTime:0.001574s ]
INFO: [ app_begin ] --END-- [ RunTime:0.002623s ]
INFO: [ app_end ] --START--
INFO: Run Behavior\ShowPageTraceBehavior [ RunTime:0.001277s ]
INFO: [ app_end ] --END-- [ RunTime:0.001579s ]

[ 2017-06-09T23:13:41+08:00 ] 127.0.0.1 /index.php/Home/Cart/edit
INFO: [ app_begin ] --START--
INFO: Run Behavior\ReadHtmlCacheBehavior [ RunTime:0.001792s ]
INFO: [ app_begin ] --END-- [ RunTime:0.002959s ]
INFO: [ app_end ] --START--
INFO: Run Behavior\ShowPageTraceBehavior [ RunTime:0.001408s ]
INFO: [ app_end ] --END-- [ RunTime:0.001748s ]

[ 2017-06-09T23:16:00+08:00 ] 127.0.0.1 /index.php/Home/Cart/edit
INFO: [ app_begin ] --START--
INFO: Run Behavior\ReadHtmlCacheBehavior [ RunTime:0.002054s ]
INFO: [ app_begin ] --END-- [ RunTime:0.003260s ]
INFO: [ app_end ] --START--
INFO: Run Behavior\ShowPageTraceBehavior [ RunTime:0.001653s ]
INFO: [ app_end ] --END-- [ RunTime:0.001974s ]

[ 2017-06-09T23:16:01+08:00 ] 127.0.0.1 /index.php/Home/Cart/edit
INFO: [ app_begin ] --START--
INFO: Run Behavior\ReadHtmlCacheBehavior [ RunTime:0.001592s ]
INFO: [ app_begin ] --END-- [ RunTime:0.002649s ]
INFO: [ app_end ] --START--
INFO: Run Behavior\ShowPageTraceBehavior [ RunTime:0.001193s ]
INFO: [ app_end ] --END-- [ RunTime:0.001497s ]

[ 2017-06-09T23:16:02+08:00 ] 127.0.0.1 /index.php/Home/Cart/edit
INFO: [ app_begin ] --START--
INFO: Run Behavior\ReadHtmlCacheBehavior [ RunTime:0.001605s ]
INFO: [ app_begin ] --END-- [ RunTime:0.002684s ]
INFO: [ app_end ] --START--
INFO: Run Behavior\ShowPageTraceBehavior [ RunTime:0.001297s ]
INFO: [ app_end ] --END-- [ RunTime:0.001623s ]

[ 2017-06-09T23:16:02+08:00 ] 127.0.0.1 /index.php/Home/Cart/edit
INFO: [ app_begin ] --START--
INFO: Run Behavior\ReadHtmlCacheBehavior [ RunTime:0.001719s ]
INFO: [ app_begin ] --END-- [ RunTime:0.002825s ]
INFO: [ app_end ] --START--
INFO: Run Behavior\ShowPageTraceBehavior [ RunTime:0.001206s ]
INFO: [ app_end ] --END-- [ RunTime:0.001510s ]

[ 2017-06-09T23:16:02+08:00 ] 127.0.0.1 /index.php/Home/Cart/edit
INFO: [ app_begin ] --START--
INFO: Run Behavior\ReadHtmlCacheBehavior [ RunTime:0.001588s ]
INFO: [ app_begin ] --END-- [ RunTime:0.002735s ]
INFO: [ app_end ] --START--
INFO: Run Behavior\ShowPageTraceBehavior [ RunTime:0.001208s ]
INFO: [ app_end ] --END-- [ RunTime:0.001509s ]

[ 2017-06-09T23:16:14+08:00 ] 127.0.0.1 /index.php/Home/Cart/edit
INFO: [ app_begin ] --START--
INFO: Run Behavior\ReadHtmlCacheBehavior [ RunTime:0.001703s ]
INFO: [ app_begin ] --END-- [ RunTime:0.003359s ]
INFO: [ app_end ] --START--
INFO: Run Behavior\ShowPageTraceBehavior [ RunTime:0.001469s ]
INFO: [ app_end ] --END-- [ RunTime:0.001774s ]

[ 2017-06-09T23:16:15+08:00 ] 127.0.0.1 /index.php/Home/Cart/edit
INFO: [ app_begin ] --START--
INFO: Run Behavior\ReadHtmlCacheBehavior [ RunTime:0.001211s ]
INFO: [ app_begin ] --END-- [ RunTime:0.002611s ]
INFO: [ app_end ] --START--
INFO: Run Behavior\ShowPageTraceBehavior [ RunTime:0.001187s ]
INFO: [ app_end ] --END-- [ RunTime:0.001485s ]

[ 2017-06-09T23:16:15+08:00 ] 127.0.0.1 /index.php/Home/Cart/edit
INFO: [ app_begin ] --START--
INFO: Run Behavior\ReadHtmlCacheBehavior [ RunTime:0.001230s ]
INFO: [ app_begin ] --END-- [ RunTime:0.002266s ]
INFO: [ app_end ] --START--
INFO: Run Behavior\ShowPageTraceBehavior [ RunTime:0.001255s ]
INFO: [ app_end ] --END-- [ RunTime:0.001571s ]

[ 2017-06-09T23:16:15+08:00 ] 127.0.0.1 /index.php/Home/Cart/edit
INFO: [ app_begin ] --START--
INFO: Run Behavior\ReadHtmlCacheBehavior [ RunTime:0.001191s ]
INFO: [ app_begin ] --END-- [ RunTime:0.002228s ]
INFO: [ app_end ] --START--
INFO: Run Behavior\ShowPageTraceBehavior [ RunTime:0.001206s ]
INFO: [ app_end ] --END-- [ RunTime:0.001504s ]

[ 2017-06-09T23:16:33+08:00 ] 127.0.0.1 /index.php/Home/Cart/edit
INFO: [ app_begin ] --START--
INFO: Run Behavior\ReadHtmlCacheBehavior [ RunTime:0.002092s ]
INFO: [ app_begin ] --END-- [ RunTime:0.003264s ]
INFO: [ app_end ] --START--
INFO: Run Behavior\ShowPageTraceBehavior [ RunTime:0.001994s ]
INFO: [ app_end ] --END-- [ RunTime:0.002299s ]

[ 2017-06-09T23:16:33+08:00 ] 127.0.0.1 /index.php/Home/Cart/edit
INFO: [ app_begin ] --START--
INFO: Run Behavior\ReadHtmlCacheBehavior [ RunTime:0.001979s ]
INFO: [ app_begin ] --END-- [ RunTime:0.003176s ]
INFO: [ app_end ] --START--
INFO: Run Behavior\ShowPageTraceBehavior [ RunTime:0.002173s ]
INFO: [ app_end ] --END-- [ RunTime:0.002483s ]

[ 2017-06-09T23:16:33+08:00 ] 127.0.0.1 /index.php/Home/Cart/edit
INFO: [ app_begin ] --START--
INFO: Run Behavior\ReadHtmlCacheBehavior [ RunTime:0.001982s ]
INFO: [ app_begin ] --END-- [ RunTime:0.003151s ]
INFO: [ app_end ] --START--
INFO: Run Behavior\ShowPageTraceBehavior [ RunTime:0.002004s ]
INFO: [ app_end ] --END-- [ RunTime:0.002315s ]

[ 2017-06-09T23:16:34+08:00 ] 127.0.0.1 /index.php/Home/Cart/edit
INFO: [ app_begin ] --START--
INFO: Run Behavior\ReadHtmlCacheBehavior [ RunTime:0.001989s ]
INFO: [ app_begin ] --END-- [ RunTime:0.003241s ]
INFO: [ app_end ] --START--
INFO: Run Behavior\ShowPageTraceBehavior [ RunTime:0.002085s ]
INFO: [ app_end ] --END-- [ RunTime:0.002391s ]

[ 2017-06-09T23:16:36+08:00 ] 127.0.0.1 /index.php/Home/Cart/edit
INFO: [ app_begin ] --START--
INFO: Run Behavior\ReadHtmlCacheBehavior [ RunTime:0.001936s ]
INFO: [ app_begin ] --END-- [ RunTime:0.003109s ]
INFO: [ app_end ] --START--
INFO: Run Behavior\ShowPageTraceBehavior [ RunTime:0.002096s ]
INFO: [ app_end ] --END-- [ RunTime:0.002456s ]

[ 2017-06-09T23:16:36+08:00 ] 127.0.0.1 /index.php/Home/Cart/edit
INFO: [ app_begin ] --START--
INFO: Run Behavior\ReadHtmlCacheBehavior [ RunTime:0.001643s ]
INFO: [ app_begin ] --END-- [ RunTime:0.002634s ]
INFO: [ app_end ] --START--
INFO: Run Behavior\ShowPageTraceBehavior [ RunTime:0.001917s ]
INFO: [ app_end ] --END-- [ RunTime:0.002185s ]

[ 2017-06-09T23:16:36+08:00 ] 127.0.0.1 /index.php/Home/Cart/edit
INFO: [ app_begin ] --START--
INFO: Run Behavior\ReadHtmlCacheBehavior [ RunTime:0.001776s ]
INFO: [ app_begin ] --END-- [ RunTime:0.002968s ]
INFO: [ app_end ] --START--
INFO: Run Behavior\ShowPageTraceBehavior [ RunTime:0.001987s ]
INFO: [ app_end ] --END-- [ RunTime:0.002247s ]

[ 2017-06-09T23:16:36+08:00 ] 127.0.0.1 /index.php/Home/Cart/edit
INFO: [ app_begin ] --START--
INFO: Run Behavior\ReadHtmlCacheBehavior [ RunTime:0.001715s ]
INFO: [ app_begin ] --END-- [ RunTime:0.002742s ]
INFO: [ app_end ] --START--
INFO: Run Behavior\ShowPageTraceBehavior [ RunTime:0.001681s ]
INFO: [ app_end ] --END-- [ RunTime:0.001946s ]

[ 2017-06-09T23:16:38+08:00 ] 127.0.0.1 /index.php/Home/Cart/edit
INFO: [ app_begin ] --START--
INFO: Run Behavior\ReadHtmlCacheBehavior [ RunTime:0.002238s ]
INFO: [ app_begin ] --END-- [ RunTime:0.003474s ]
INFO: [ app_end ] --START--
INFO: Run Behavior\ShowPageTraceBehavior [ RunTime:0.002018s ]
INFO: [ app_end ] --END-- [ RunTime:0.002328s ]

[ 2017-06-09T23:16:39+08:00 ] 127.0.0.1 /index.php/Home/Cart/edit
INFO: [ app_begin ] --START--
INFO: Run Behavior\ReadHtmlCacheBehavior [ RunTime:0.001986s ]
INFO: [ app_begin ] --END-- [ RunTime:0.003166s ]
INFO: [ app_end ] --START--
INFO: Run Behavior\ShowPageTraceBehavior [ RunTime:0.001994s ]
INFO: [ app_end ] --END-- [ RunTime:0.002292s ]

[ 2017-06-09T23:16:39+08:00 ] 127.0.0.1 /index.php/Home/Cart/edit
INFO: [ app_begin ] --START--
INFO: Run Behavior\ReadHtmlCacheBehavior [ RunTime:0.001968s ]
INFO: [ app_begin ] --END-- [ RunTime:0.003125s ]
INFO: [ app_end ] --START--
INFO: Run Behavior\ShowPageTraceBehavior [ RunTime:0.001975s ]
INFO: [ app_end ] --END-- [ RunTime:0.002282s ]

[ 2017-06-09T23:16:39+08:00 ] 127.0.0.1 /index.php/Home/Cart/edit
INFO: [ app_begin ] --START--
INFO: Run Behavior\ReadHtmlCacheBehavior [ RunTime:0.002281s ]
INFO: [ app_begin ] --END-- [ RunTime:0.003618s ]
INFO: [ app_end ] --START--
INFO: Run Behavior\ShowPageTraceBehavior [ RunTime:0.002645s ]
INFO: [ app_end ] --END-- [ RunTime:0.003004s ]

[ 2017-06-09T23:16:40+08:00 ] 127.0.0.1 /index.php/Home/Cart/edit
INFO: [ app_begin ] --START--
INFO: Run Behavior\ReadHtmlCacheBehavior [ RunTime:0.001995s ]
INFO: [ app_begin ] --END-- [ RunTime:0.003188s ]
INFO: [ app_end ] --START--
INFO: Run Behavior\ShowPageTraceBehavior [ RunTime:0.002035s ]
INFO: [ app_end ] --END-- [ RunTime:0.002345s ]

[ 2017-06-09T23:19:57+08:00 ] 127.0.0.1 /index.php/Home/Cart/del
INFO: [ app_begin ] --START--
INFO: Run Behavior\ReadHtmlCacheBehavior [ RunTime:0.002047s ]
INFO: [ app_begin ] --END-- [ RunTime:0.003232s ]

[ 2017-06-09T23:20:26+08:00 ] 127.0.0.1 /index.php/Home/Cart/edit
INFO: [ app_begin ] --START--
INFO: Run Behavior\ReadHtmlCacheBehavior [ RunTime:0.002093s ]
INFO: [ app_begin ] --END-- [ RunTime:0.003347s ]
INFO: [ app_end ] --START--
INFO: Run Behavior\ShowPageTraceBehavior [ RunTime:0.002217s ]
INFO: [ app_end ] --END-- [ RunTime:0.002530s ]

[ 2017-06-09T23:20:27+08:00 ] 127.0.0.1 /index.php/Home/Cart/edit
INFO: [ app_begin ] --START--
INFO: Run Behavior\ReadHtmlCacheBehavior [ RunTime:0.002290s ]
INFO: [ app_begin ] --END-- [ RunTime:0.003557s ]
INFO: [ app_end ] --START--
INFO: Run Behavior\ShowPageTraceBehavior [ RunTime:0.002054s ]
INFO: [ app_end ] --END-- [ RunTime:0.002365s ]

[ 2017-06-09T23:20:28+08:00 ] 127.0.0.1 /index.php/Home/Cart/edit
INFO: [ app_begin ] --START--
INFO: Run Behavior\ReadHtmlCacheBehavior [ RunTime:0.002167s ]
INFO: [ app_begin ] --END-- [ RunTime:0.003397s ]
INFO: [ app_end ] --START--
INFO: Run Behavior\ShowPageTraceBehavior [ RunTime:0.002042s ]
INFO: [ app_end ] --END-- [ RunTime:0.002353s ]

[ 2017-06-09T23:20:29+08:00 ] 127.0.0.1 /index.php/Home/Cart/edit
INFO: [ app_begin ] --START--
INFO: Run Behavior\ReadHtmlCacheBehavior [ RunTime:0.002014s ]
INFO: [ app_begin ] --END-- [ RunTime:0.003257s ]
INFO: [ app_end ] --START--
INFO: Run Behavior\ShowPageTraceBehavior [ RunTime:0.002220s ]
INFO: [ app_end ] --END-- [ RunTime:0.002541s ]

[ 2017-06-09T23:20:29+08:00 ] 127.0.0.1 /index.php/Home/Cart/edit
INFO: [ app_begin ] --START--
INFO: Run Behavior\ReadHtmlCacheBehavior [ RunTime:0.002011s ]
INFO: [ app_begin ] --END-- [ RunTime:0.003221s ]
INFO: [ app_end ] --START--
INFO: Run Behavior\ShowPageTraceBehavior [ RunTime:0.002020s ]
INFO: [ app_end ] --END-- [ RunTime:0.002330s ]

[ 2017-06-09T23:20:29+08:00 ] 127.0.0.1 /index.php/Home/Cart/edit
INFO: [ app_begin ] --START--
INFO: Run Behavior\ReadHtmlCacheBehavior [ RunTime:0.002292s ]
INFO: [ app_begin ] --END-- [ RunTime:0.003501s ]
INFO: [ app_end ] --START--
INFO: Run Behavior\ShowPageTraceBehavior [ RunTime:0.002037s ]
INFO: [ app_end ] --END-- [ RunTime:0.002345s ]

[ 2017-06-09T23:20:30+08:00 ] 127.0.0.1 /index.php/Home/Cart/edit
INFO: [ app_begin ] --START--
INFO: Run Behavior\ReadHtmlCacheBehavior [ RunTime:0.002034s ]
INFO: [ app_begin ] --END-- [ RunTime:0.003262s ]
INFO: [ app_end ] --START--
INFO: Run Behavior\ShowPageTraceBehavior [ RunTime:0.002007s ]
INFO: [ app_end ] --END-- [ RunTime:0.002312s ]

[ 2017-06-09T23:20:30+08:00 ] 127.0.0.1 /index.php/Home/Cart/edit
INFO: [ app_begin ] --START--
INFO: Run Behavior\ReadHtmlCacheBehavior [ RunTime:0.001999s ]
INFO: [ app_begin ] --END-- [ RunTime:0.003198s ]
INFO: [ app_end ] --START--
INFO: Run Behavior\ShowPageTraceBehavior [ RunTime:0.002007s ]
INFO: [ app_end ] --END-- [ RunTime:0.002311s ]

[ 2017-06-09T23:20:30+08:00 ] 127.0.0.1 /index.php/Home/Cart/edit
INFO: [ app_begin ] --START--
INFO: Run Behavior\ReadHtmlCacheBehavior [ RunTime:0.002020s ]
INFO: [ app_begin ] --END-- [ RunTime:0.003226s ]
INFO: [ app_end ] --START--
INFO: Run Behavior\ShowPageTraceBehavior [ RunTime:0.002043s ]
INFO: [ app_end ] --END-- [ RunTime:0.002355s ]

[ 2017-06-09T23:20:31+08:00 ] 127.0.0.1 /index.php/Home/Cart/edit
INFO: [ app_begin ] --START--
INFO: Run Behavior\ReadHtmlCacheBehavior [ RunTime:0.002016s ]
INFO: [ app_begin ] --END-- [ RunTime:0.003203s ]
INFO: [ app_end ] --START--
INFO: Run Behavior\ShowPageTraceBehavior [ RunTime:0.002196s ]
INFO: [ app_end ] --END-- [ RunTime:0.002506s ]

[ 2017-06-09T23:20:31+08:00 ] 127.0.0.1 /index.php/Home/Cart/edit
INFO: [ app_begin ] --START--
INFO: Run Behavior\ReadHtmlCacheBehavior [ RunTime:0.001997s ]
INFO: [ app_begin ] --END-- [ RunTime:0.003204s ]
INFO: [ app_end ] --START--
INFO: Run Behavior\ShowPageTraceBehavior [ RunTime:0.001990s ]
INFO: [ app_end ] --END-- [ RunTime:0.002291s ]

[ 2017-06-09T23:20:31+08:00 ] 127.0.0.1 /index.php/Home/Cart/edit
INFO: [ app_begin ] --START--
INFO: Run Behavior\ReadHtmlCacheBehavior [ RunTime:0.002007s ]
INFO: [ app_begin ] --END-- [ RunTime:0.003209s ]
INFO: [ app_end ] --START--
INFO: Run Behavior\ShowPageTraceBehavior [ RunTime:0.002014s ]
INFO: [ app_end ] --END-- [ RunTime:0.002347s ]

[ 2017-06-09T23:20:31+08:00 ] 127.0.0.1 /index.php/Home/Cart/edit
INFO: [ app_begin ] --START--
INFO: Run Behavior\ReadHtmlCacheBehavior [ RunTime:0.002002s ]
INFO: [ app_begin ] --END-- [ RunTime:0.003202s ]
INFO: [ app_end ] --START--
INFO: Run Behavior\ShowPageTraceBehavior [ RunTime:0.001988s ]
INFO: [ app_end ] --END-- [ RunTime:0.002293s ]

[ 2017-06-09T23:20:52+08:00 ] 127.0.0.1 /index.php/Home/Cart/edit
INFO: [ app_begin ] --START--
INFO: Run Behavior\ReadHtmlCacheBehavior [ RunTime:0.002066s ]
INFO: [ app_begin ] --END-- [ RunTime:0.003229s ]
INFO: [ app_end ] --START--
INFO: Run Behavior\ShowPageTraceBehavior [ RunTime:0.001980s ]
INFO: [ app_end ] --END-- [ RunTime:0.002278s ]

[ 2017-06-09T23:20:53+08:00 ] 127.0.0.1 /index.php/Home/Cart/edit
INFO: [ app_begin ] --START--
INFO: Run Behavior\ReadHtmlCacheBehavior [ RunTime:0.001967s ]
INFO: [ app_begin ] --END-- [ RunTime:0.003134s ]
INFO: [ app_end ] --START--
INFO: Run Behavior\ShowPageTraceBehavior [ RunTime:0.001981s ]
INFO: [ app_end ] --END-- [ RunTime:0.002286s ]

[ 2017-06-09T23:20:54+08:00 ] 127.0.0.1 /index.php/Home/Cart/edit
INFO: [ app_begin ] --START--
INFO: Run Behavior\ReadHtmlCacheBehavior [ RunTime:0.002090s ]
INFO: [ app_begin ] --END-- [ RunTime:0.003533s ]
INFO: [ app_end ] --START--
INFO: Run Behavior\ShowPageTraceBehavior [ RunTime:0.001979s ]
INFO: [ app_end ] --END-- [ RunTime:0.002282s ]

[ 2017-06-09T23:20:54+08:00 ] 127.0.0.1 /index.php/Home/Cart/edit
INFO: [ app_begin ] --START--
INFO: Run Behavior\ReadHtmlCacheBehavior [ RunTime:0.001987s ]
INFO: [ app_begin ] --END-- [ RunTime:0.003151s ]
INFO: [ app_end ] --START--
INFO: Run Behavior\ShowPageTraceBehavior [ RunTime:0.002060s ]
INFO: [ app_end ] --END-- [ RunTime:0.002371s ]

[ 2017-06-09T23:20:55+08:00 ] 127.0.0.1 /index.php/Home/Cart/edit
INFO: [ app_begin ] --START--
INFO: Run Behavior\ReadHtmlCacheBehavior [ RunTime:0.001970s ]
INFO: [ app_begin ] --END-- [ RunTime:0.003127s ]
INFO: [ app_end ] --START--
INFO: Run Behavior\ShowPageTraceBehavior [ RunTime:0.002141s ]
INFO: [ app_end ] --END-- [ RunTime:0.002444s ]

[ 2017-06-09T23:20:55+08:00 ] 127.0.0.1 /index.php/Home/Cart/edit
INFO: [ app_begin ] --START--
INFO: Run Behavior\ReadHtmlCacheBehavior [ RunTime:0.002000s ]
INFO: [ app_begin ] --END-- [ RunTime:0.003187s ]
INFO: [ app_end ] --START--
INFO: Run Behavior\ShowPageTraceBehavior [ RunTime:0.001981s ]
INFO: [ app_end ] --END-- [ RunTime:0.002282s ]

[ 2017-06-09T23:20:56+08:00 ] 127.0.0.1 /index.php/Home/Cart/edit
INFO: [ app_begin ] --START--
INFO: Run Behavior\ReadHtmlCacheBehavior [ RunTime:0.002332s ]
INFO: [ app_begin ] --END-- [ RunTime:0.003725s ]
INFO: [ app_end ] --START--
INFO: Run Behavior\ShowPageTraceBehavior [ RunTime:0.002117s ]
INFO: [ app_end ] --END-- [ RunTime:0.002453s ]

[ 2017-06-09T23:20:56+08:00 ] 127.0.0.1 /index.php/Home/Cart/edit
INFO: [ app_begin ] --START--
INFO: Run Behavior\ReadHtmlCacheBehavior [ RunTime:0.001962s ]
INFO: [ app_begin ] --END-- [ RunTime:0.003120s ]
INFO: [ app_end ] --START--
INFO: Run Behavior\ShowPageTraceBehavior [ RunTime:0.001976s ]
INFO: [ app_end ] --END-- [ RunTime:0.002279s ]

[ 2017-06-09T23:20:56+08:00 ] 127.0.0.1 /index.php/Home/Cart/edit
INFO: [ app_begin ] --START--
INFO: Run Behavior\ReadHtmlCacheBehavior [ RunTime:0.001981s ]
INFO: [ app_begin ] --END-- [ RunTime:0.003145s ]
INFO: [ app_end ] --START--
INFO: Run Behavior\ShowPageTraceBehavior [ RunTime:0.001991s ]
INFO: [ app_end ] --END-- [ RunTime:0.002288s ]

[ 2017-06-09T23:22:14+08:00 ] 127.0.0.1 /index.php/Home/Cart/edit
INFO: [ app_begin ] --START--
INFO: Run Behavior\ReadHtmlCacheBehavior [ RunTime:0.002298s ]
INFO: [ app_begin ] --END-- [ RunTime:0.003548s ]
INFO: [ app_end ] --START--
INFO: Run Behavior\ShowPageTraceBehavior [ RunTime:0.002028s ]
INFO: [ app_end ] --END-- [ RunTime:0.002328s ]

[ 2017-06-09T23:22:14+08:00 ] 127.0.0.1 /index.php/Home/Cart/edit
INFO: [ app_begin ] --START--
INFO: Run Behavior\ReadHtmlCacheBehavior [ RunTime:0.001991s ]
INFO: [ app_begin ] --END-- [ RunTime:0.003159s ]
INFO: [ app_end ] --START--
INFO: Run Behavior\ShowPageTraceBehavior [ RunTime:0.002696s ]
INFO: [ app_end ] --END-- [ RunTime:0.003008s ]

[ 2017-06-09T23:22:14+08:00 ] 127.0.0.1 /index.php/Home/Cart/edit
INFO: [ app_begin ] --START--
INFO: Run Behavior\ReadHtmlCacheBehavior [ RunTime:0.001973s ]
INFO: [ app_begin ] --END-- [ RunTime:0.003133s ]
INFO: [ app_end ] --START--
INFO: Run Behavior\ShowPageTraceBehavior [ RunTime:0.001980s ]
INFO: [ app_end ] --END-- [ RunTime:0.002282s ]

[ 2017-06-09T23:22:15+08:00 ] 127.0.0.1 /index.php/Home/Cart/edit
INFO: [ app_begin ] --START--
INFO: Run Behavior\ReadHtmlCacheBehavior [ RunTime:0.001981s ]
INFO: [ app_begin ] --END-- [ RunTime:0.003172s ]
INFO: [ app_end ] --START--
INFO: Run Behavior\ShowPageTraceBehavior [ RunTime:0.002021s ]
INFO: [ app_end ] --END-- [ RunTime:0.002319s ]

[ 2017-06-09T23:22:15+08:00 ] 127.0.0.1 /index.php/Home/Cart/edit
INFO: [ app_begin ] --START--
INFO: Run Behavior\ReadHtmlCacheBehavior [ RunTime:0.001994s ]
INFO: [ app_begin ] --END-- [ RunTime:0.003170s ]
INFO: [ app_end ] --START--
INFO: Run Behavior\ShowPageTraceBehavior [ RunTime:0.001991s ]
INFO: [ app_end ] --END-- [ RunTime:0.002291s ]

[ 2017-06-09T23:22:15+08:00 ] 127.0.0.1 /index.php/Home/Cart/edit
INFO: [ app_begin ] --START--
INFO: Run Behavior\ReadHtmlCacheBehavior [ RunTime:0.001951s ]
INFO: [ app_begin ] --END-- [ RunTime:0.003107s ]
INFO: [ app_end ] --START--
INFO: Run Behavior\ShowPageTraceBehavior [ RunTime:0.002057s ]
INFO: [ app_end ] --END-- [ RunTime:0.002362s ]

[ 2017-06-09T23:22:16+08:00 ] 127.0.0.1 /index.php/Home/Cart/edit
INFO: [ app_begin ] --START--
INFO: Run Behavior\ReadHtmlCacheBehavior [ RunTime:0.001990s ]
INFO: [ app_begin ] --END-- [ RunTime:0.003161s ]
INFO: [ app_end ] --START--
INFO: Run Behavior\ShowPageTraceBehavior [ RunTime:0.001998s ]
INFO: [ app_end ] --END-- [ RunTime:0.002297s ]

[ 2017-06-09T23:22:16+08:00 ] 127.0.0.1 /index.php/Home/Cart/edit
INFO: [ app_begin ] --START--
INFO: Run Behavior\ReadHtmlCacheBehavior [ RunTime:0.001978s ]
INFO: [ app_begin ] --END-- [ RunTime:0.003149s ]
INFO: [ app_end ] --START--
INFO: Run Behavior\ShowPageTraceBehavior [ RunTime:0.002041s ]
INFO: [ app_end ] --END-- [ RunTime:0.002343s ]

[ 2017-06-09T23:22:16+08:00 ] 127.0.0.1 /index.php/Home/Cart/edit
INFO: [ app_begin ] --START--
INFO: Run Behavior\ReadHtmlCacheBehavior [ RunTime:0.002222s ]
INFO: [ app_begin ] --END-- [ RunTime:0.003467s ]
INFO: [ app_end ] --START--
INFO: Run Behavior\ShowPageTraceBehavior [ RunTime:0.002068s ]
INFO: [ app_end ] --END-- [ RunTime:0.002689s ]

[ 2017-06-09T23:22:16+08:00 ] 127.0.0.1 /index.php/Home/Cart/edit
INFO: [ app_begin ] --START--
INFO: Run Behavior\ReadHtmlCacheBehavior [ RunTime:0.002008s ]
INFO: [ app_begin ] --END-- [ RunTime:0.003219s ]
INFO: [ app_end ] --START--
INFO: Run Behavior\ShowPageTraceBehavior [ RunTime:0.002040s ]
INFO: [ app_end ] --END-- [ RunTime:0.002356s ]

[ 2017-06-09T23:22:17+08:00 ] 127.0.0.1 /index.php/Home/Cart/edit
INFO: [ app_begin ] --START--
INFO: Run Behavior\ReadHtmlCacheBehavior [ RunTime:0.001999s ]
INFO: [ app_begin ] --END-- [ RunTime:0.003189s ]
INFO: [ app_end ] --START--
INFO: Run Behavior\ShowPageTraceBehavior [ RunTime:0.002039s ]
INFO: [ app_end ] --END-- [ RunTime:0.002361s ]

[ 2017-06-09T23:22:17+08:00 ] 127.0.0.1 /index.php/Home/Cart/edit
INFO: [ app_begin ] --START--
INFO: Run Behavior\ReadHtmlCacheBehavior [ RunTime:0.001997s ]
INFO: [ app_begin ] --END-- [ RunTime:0.003181s ]
INFO: [ app_end ] --START--
INFO: Run Behavior\ShowPageTraceBehavior [ RunTime:0.002000s ]
INFO: [ app_end ] --END-- [ RunTime:0.002299s ]

[ 2017-06-09T23:22:17+08:00 ] 127.0.0.1 /index.php/Home/Cart/edit
INFO: [ app_begin ] --START--
INFO: Run Behavior\ReadHtmlCacheBehavior [ RunTime:0.001985s ]
INFO: [ app_begin ] --END-- [ RunTime:0.003158s ]
INFO: [ app_end ] --START--
INFO: Run Behavior\ShowPageTraceBehavior [ RunTime:0.001989s ]
INFO: [ app_end ] --END-- [ RunTime:0.002287s ]

[ 2017-06-09T23:22:18+08:00 ] 127.0.0.1 /index.php/Home/Cart/edit
INFO: [ app_begin ] --START--
INFO: Run Behavior\ReadHtmlCacheBehavior [ RunTime:0.002028s ]
INFO: [ app_begin ] --END-- [ RunTime:0.003200s ]
INFO: [ app_end ] --START--
INFO: Run Behavior\ShowPageTraceBehavior [ RunTime:0.002011s ]
INFO: [ app_end ] --END-- [ RunTime:0.002313s ]

[ 2017-06-09T23:22:18+08:00 ] 127.0.0.1 /index.php/Home/Cart/edit
INFO: [ app_begin ] --START--
INFO: Run Behavior\ReadHtmlCacheBehavior [ RunTime:0.002015s ]
INFO: [ app_begin ] --END-- [ RunTime:0.003221s ]
INFO: [ app_end ] --START--
INFO: Run Behavior\ShowPageTraceBehavior [ RunTime:0.002250s ]
INFO: [ app_end ] --END-- [ RunTime:0.002576s ]

[ 2017-06-09T23:22:18+08:00 ] 127.0.0.1 /index.php/Home/Cart/edit
INFO: [ app_begin ] --START--
INFO: Run Behavior\ReadHtmlCacheBehavior [ RunTime:0.001983s ]
INFO: [ app_begin ] --END-- [ RunTime:0.003158s ]
INFO: [ app_end ] --START--
INFO: Run Behavior\ShowPageTraceBehavior [ RunTime:0.001984s ]
INFO: [ app_end ] --END-- [ RunTime:0.002287s ]

