[ 2017-06-02T00:24:24+08:00 ] 127.0.0.1 /index.php/admin/Goods/add.html
ERR: 非法操作:add

[ 2017-06-02T00:25:33+08:00 ] 127.0.0.1 /index.php/Admin/Goods/add.html
ERR: 非法操作:add

[ 2017-06-02T22:23:47+08:00 ] 127.0.0.1 /index.php/Admin/index/%7Bindex/head%7D
ERR: 非法操作:{index

[ 2017-06-02T22:23:47+08:00 ] 127.0.0.1 /index.php/Admin/index/%7Bindex/left%7D
ERR: 非法操作:{index

[ 2017-06-02T22:23:47+08:00 ] 127.0.0.1 /index.php/Admin/index/%7Bindex/right%7D
ERR: 非法操作:{index

[ 2017-06-02T23:49:51+08:00 ] 127.0.0.1 /index.php/Admin/Goods/del
INFO: [ app_begin ] --START--
INFO: Run Behavior\ReadHtmlCacheBehavior [ RunTime:0.002264s ]
INFO: [ app_begin ] --END-- [ RunTime:0.003541s ]
SQL: SHOW COLUMNS FROM `tp_goods` [ RunTime:0.0196s ]
SQL: SELECT * FROM `tp_goods` WHERE `id` = 30 LIMIT 1   [ RunTime:0.0010s ]
SQL: UPDATE `tp_goods` SET `goods_status`='0' WHERE `id` = 30 [ RunTime:0.1286s ]

[ 2017-06-02T23:50:04+08:00 ] 127.0.0.1 /index.php/Admin/Goods/del
INFO: [ app_begin ] --START--
INFO: Run Behavior\ReadHtmlCacheBehavior [ RunTime:0.002179s ]
INFO: [ app_begin ] --END-- [ RunTime:0.003343s ]
SQL: SHOW COLUMNS FROM `tp_goods` [ RunTime:0.0191s ]
SQL: SELECT * FROM `tp_goods` WHERE `id` = 29 LIMIT 1   [ RunTime:0.0010s ]
SQL: UPDATE `tp_goods` SET `goods_status`='0' WHERE `id` = 29 [ RunTime:0.0900s ]

[ 2017-06-02T23:52:19+08:00 ] 127.0.0.1 /index.php/Admin/Goods/del
INFO: [ app_begin ] --START--
INFO: Run Behavior\ReadHtmlCacheBehavior [ RunTime:0.002083s ]
INFO: [ app_begin ] --END-- [ RunTime:0.003121s ]
SQL: SHOW COLUMNS FROM `tp_goods` [ RunTime:0.0191s ]
SQL: SELECT * FROM `tp_goods` WHERE `id` = 30 LIMIT 1   [ RunTime:0.0010s ]
SQL: UPDATE `tp_goods` SET `goods_status`='1' WHERE `id` = 30 [ RunTime:0.0899s ]

[ 2017-06-02T23:52:20+08:00 ] 127.0.0.1 /index.php/Admin/Goods/del
INFO: [ app_begin ] --START--
INFO: Run Behavior\ReadHtmlCacheBehavior [ RunTime:0.002372s ]
INFO: [ app_begin ] --END-- [ RunTime:0.003502s ]
SQL: SHOW COLUMNS FROM `tp_goods` [ RunTime:0.0186s ]
SQL: SELECT * FROM `tp_goods` WHERE `id` = 30 LIMIT 1   [ RunTime:0.0010s ]
SQL: UPDATE `tp_goods` SET `goods_status`='0' WHERE `id` = 30 [ RunTime:0.0490s ]

[ 2017-06-02T23:52:22+08:00 ] 127.0.0.1 /index.php/Admin/Goods/del
INFO: [ app_begin ] --START--
INFO: Run Behavior\ReadHtmlCacheBehavior [ RunTime:0.002067s ]
INFO: [ app_begin ] --END-- [ RunTime:0.003094s ]
SQL: SHOW COLUMNS FROM `tp_goods` [ RunTime:0.0190s ]
SQL: SELECT * FROM `tp_goods` WHERE `id` = 29 LIMIT 1   [ RunTime:0.0011s ]
SQL: UPDATE `tp_goods` SET `goods_status`='1' WHERE `id` = 29 [ RunTime:0.1299s ]

